[2024-03-27 08:43:08,360][__main__][INFO] - experiment working directory: /home/disk/brume/nacc/dlesm/zephyr
[2024-03-27 08:43:08,364][__main__][INFO] - experiment working directory: /home/disk/brume/nacc/dlesm/zephyr
[2024-03-27 08:43:08,380][__main__][INFO] - experiment working directory: /home/disk/brume/nacc/dlesm/zephyr
[2024-03-27 08:43:08,387][__main__][INFO] - experiment working directory: /home/disk/brume/nacc/dlesm/zephyr
[2024-03-27 08:43:08,940][torch.distributed.distributed_c10d][INFO] - Added key: store_based_barrier_key:1 to store for rank: 3
[2024-03-27 08:43:08,986][torch.distributed.distributed_c10d][INFO] - Added key: store_based_barrier_key:1 to store for rank: 0
[2024-03-27 08:43:08,988][torch.distributed.distributed_c10d][INFO] - Added key: store_based_barrier_key:1 to store for rank: 2
[2024-03-27 08:43:08,994][torch.distributed.distributed_c10d][INFO] - Added key: store_based_barrier_key:1 to store for rank: 1
[2024-03-27 08:43:08,994][torch.distributed.distributed_c10d][INFO] - Rank 1: Completed store-based barrier for key:store_based_barrier_key:1 with 4 nodes.
[2024-03-27 08:43:08,997][torch.distributed.distributed_c10d][INFO] - Rank 0: Completed store-based barrier for key:store_based_barrier_key:1 with 4 nodes.
[2024-03-27 08:43:08,998][torch.distributed.distributed_c10d][INFO] - Rank 2: Completed store-based barrier for key:store_based_barrier_key:1 with 4 nodes.
[2024-03-27 08:43:09,001][torch.distributed.distributed_c10d][INFO] - Rank 3: Completed store-based barrier for key:store_based_barrier_key:1 with 4 nodes.
[2024-03-27 08:43:09,980][numexpr.utils][INFO] - Note: NumExpr detected 64 cores but "NUMEXPR_MAX_THREADS" not set, so enforcing safe limit of 8.
[2024-03-27 08:43:09,980][numexpr.utils][INFO] - NumExpr defaulting to 8 threads.
[2024-03-27 08:43:09,980][numexpr.utils][INFO] - Note: NumExpr detected 64 cores but "NUMEXPR_MAX_THREADS" not set, so enforcing safe limit of 8.
[2024-03-27 08:43:09,981][numexpr.utils][INFO] - NumExpr defaulting to 8 threads.
[2024-03-27 08:43:09,981][numexpr.utils][INFO] - Note: NumExpr detected 64 cores but "NUMEXPR_MAX_THREADS" not set, so enforcing safe limit of 8.
[2024-03-27 08:43:09,981][numexpr.utils][INFO] - Note: NumExpr detected 64 cores but "NUMEXPR_MAX_THREADS" not set, so enforcing safe limit of 8.
[2024-03-27 08:43:09,981][numexpr.utils][INFO] - NumExpr defaulting to 8 threads.
[2024-03-27 08:43:09,981][numexpr.utils][INFO] - NumExpr defaulting to 8 threads.
[2024-03-27 08:43:13,590][training.dlwp.data.data_loading][INFO] - opening input datasets
[2024-03-27 08:43:13,740][numcodecs][DEBUG] - Registering codec 'zlib'
[2024-03-27 08:43:13,742][numcodecs][DEBUG] - Registering codec 'gzip'
[2024-03-27 08:43:13,743][numcodecs][DEBUG] - Registering codec 'bz2'
[2024-03-27 08:43:13,744][numcodecs][DEBUG] - Registering codec 'lzma'
[2024-03-27 08:43:13,749][numcodecs][DEBUG] - Registering codec 'blosc'
[2024-03-27 08:43:13,751][numcodecs][DEBUG] - Registering codec 'zstd'
[2024-03-27 08:43:13,752][numcodecs][DEBUG] - Registering codec 'lz4'
[2024-03-27 08:43:13,754][numcodecs][DEBUG] - Registering codec 'astype'
[2024-03-27 08:43:13,755][numcodecs][DEBUG] - Registering codec 'delta'
[2024-03-27 08:43:13,756][numcodecs][DEBUG] - Registering codec 'quantize'
[2024-03-27 08:43:13,757][numcodecs][DEBUG] - Registering codec 'fixedscaleoffset'
[2024-03-27 08:43:13,758][numcodecs][DEBUG] - Registering codec 'packbits'
[2024-03-27 08:43:13,759][numcodecs][DEBUG] - Registering codec 'categorize'
[2024-03-27 08:43:13,760][numcodecs][DEBUG] - Registering codec 'pickle'
[2024-03-27 08:43:13,761][numcodecs][DEBUG] - Registering codec 'base64'
[2024-03-27 08:43:13,764][numcodecs][DEBUG] - Registering codec 'shuffle'
[2024-03-27 08:43:13,765][numcodecs][DEBUG] - Registering codec 'bitround'
[2024-03-27 08:43:13,774][numcodecs][DEBUG] - Registering codec 'msgpack2'
[2024-03-27 08:43:13,775][numcodecs][DEBUG] - Registering codec 'crc32'
[2024-03-27 08:43:13,775][numcodecs][DEBUG] - Registering codec 'adler32'
[2024-03-27 08:43:13,776][numcodecs][DEBUG] - Registering codec 'json2'
[2024-03-27 08:43:13,778][numcodecs][DEBUG] - Registering codec 'vlen-utf8'
[2024-03-27 08:43:13,778][numcodecs][DEBUG] - Registering codec 'vlen-bytes'
[2024-03-27 08:43:13,779][numcodecs][DEBUG] - Registering codec 'vlen-array'
[2024-03-27 08:43:13,941][numcodecs][DEBUG] - Registering codec 'n5_wrapper'
[2024-03-27 08:43:15,682][numcodecs][DEBUG] - Registering codec 'zlib'
[2024-03-27 08:43:15,682][numcodecs][DEBUG] - Registering codec 'zlib'
[2024-03-27 08:43:15,682][numcodecs][DEBUG] - Registering codec 'gzip'
[2024-03-27 08:43:15,682][numcodecs][DEBUG] - Registering codec 'gzip'
[2024-03-27 08:43:15,682][numcodecs][DEBUG] - Registering codec 'bz2'
[2024-03-27 08:43:15,682][numcodecs][DEBUG] - Registering codec 'bz2'
[2024-03-27 08:43:15,682][numcodecs][DEBUG] - Registering codec 'lzma'
[2024-03-27 08:43:15,683][numcodecs][DEBUG] - Registering codec 'lzma'
[2024-03-27 08:43:15,683][numcodecs][DEBUG] - Registering codec 'zlib'
[2024-03-27 08:43:15,683][numcodecs][DEBUG] - Registering codec 'gzip'
[2024-03-27 08:43:15,684][numcodecs][DEBUG] - Registering codec 'bz2'
[2024-03-27 08:43:15,684][numcodecs][DEBUG] - Registering codec 'lzma'
[2024-03-27 08:43:15,684][numcodecs][DEBUG] - Registering codec 'blosc'
[2024-03-27 08:43:15,684][numcodecs][DEBUG] - Registering codec 'blosc'
[2024-03-27 08:43:15,685][numcodecs][DEBUG] - Registering codec 'zstd'
[2024-03-27 08:43:15,685][numcodecs][DEBUG] - Registering codec 'zstd'
[2024-03-27 08:43:15,685][numcodecs][DEBUG] - Registering codec 'blosc'
[2024-03-27 08:43:15,685][numcodecs][DEBUG] - Registering codec 'lz4'
[2024-03-27 08:43:15,685][numcodecs][DEBUG] - Registering codec 'lz4'
[2024-03-27 08:43:15,686][numcodecs][DEBUG] - Registering codec 'zstd'
[2024-03-27 08:43:15,686][numcodecs][DEBUG] - Registering codec 'astype'
[2024-03-27 08:43:15,686][numcodecs][DEBUG] - Registering codec 'astype'
[2024-03-27 08:43:15,686][numcodecs][DEBUG] - Registering codec 'delta'
[2024-03-27 08:43:15,686][numcodecs][DEBUG] - Registering codec 'delta'
[2024-03-27 08:43:15,686][numcodecs][DEBUG] - Registering codec 'lz4'
[2024-03-27 08:43:15,686][numcodecs][DEBUG] - Registering codec 'quantize'
[2024-03-27 08:43:15,686][numcodecs][DEBUG] - Registering codec 'quantize'
[2024-03-27 08:43:15,686][numcodecs][DEBUG] - Registering codec 'fixedscaleoffset'
[2024-03-27 08:43:15,686][numcodecs][DEBUG] - Registering codec 'fixedscaleoffset'
[2024-03-27 08:43:15,686][numcodecs][DEBUG] - Registering codec 'astype'
[2024-03-27 08:43:15,687][numcodecs][DEBUG] - Registering codec 'packbits'
[2024-03-27 08:43:15,687][numcodecs][DEBUG] - Registering codec 'packbits'
[2024-03-27 08:43:15,687][numcodecs][DEBUG] - Registering codec 'delta'
[2024-03-27 08:43:15,687][numcodecs][DEBUG] - Registering codec 'categorize'
[2024-03-27 08:43:15,687][numcodecs][DEBUG] - Registering codec 'categorize'
[2024-03-27 08:43:15,687][numcodecs][DEBUG] - Registering codec 'quantize'
[2024-03-27 08:43:15,687][numcodecs][DEBUG] - Registering codec 'pickle'
[2024-03-27 08:43:15,687][numcodecs][DEBUG] - Registering codec 'pickle'
[2024-03-27 08:43:15,687][numcodecs][DEBUG] - Registering codec 'fixedscaleoffset'
[2024-03-27 08:43:15,687][numcodecs][DEBUG] - Registering codec 'base64'
[2024-03-27 08:43:15,687][numcodecs][DEBUG] - Registering codec 'base64'
[2024-03-27 08:43:15,687][numcodecs][DEBUG] - Registering codec 'packbits'
[2024-03-27 08:43:15,687][numcodecs][DEBUG] - Registering codec 'categorize'
[2024-03-27 08:43:15,688][numcodecs][DEBUG] - Registering codec 'pickle'
[2024-03-27 08:43:15,688][numcodecs][DEBUG] - Registering codec 'base64'
[2024-03-27 08:43:15,688][numcodecs][DEBUG] - Registering codec 'shuffle'
[2024-03-27 08:43:15,688][numcodecs][DEBUG] - Registering codec 'shuffle'
[2024-03-27 08:43:15,688][numcodecs][DEBUG] - Registering codec 'bitround'
[2024-03-27 08:43:15,688][numcodecs][DEBUG] - Registering codec 'bitround'
[2024-03-27 08:43:15,688][numcodecs][DEBUG] - Registering codec 'shuffle'
[2024-03-27 08:43:15,688][numcodecs][DEBUG] - Registering codec 'bitround'
[2024-03-27 08:43:15,690][numcodecs][DEBUG] - Registering codec 'msgpack2'
[2024-03-27 08:43:15,690][numcodecs][DEBUG] - Registering codec 'msgpack2'
[2024-03-27 08:43:15,690][numcodecs][DEBUG] - Registering codec 'crc32'
[2024-03-27 08:43:15,690][numcodecs][DEBUG] - Registering codec 'msgpack2'
[2024-03-27 08:43:15,690][numcodecs][DEBUG] - Registering codec 'adler32'
[2024-03-27 08:43:15,690][numcodecs][DEBUG] - Registering codec 'crc32'
[2024-03-27 08:43:15,690][numcodecs][DEBUG] - Registering codec 'adler32'
[2024-03-27 08:43:15,690][numcodecs][DEBUG] - Registering codec 'crc32'
[2024-03-27 08:43:15,690][numcodecs][DEBUG] - Registering codec 'json2'
[2024-03-27 08:43:15,690][numcodecs][DEBUG] - Registering codec 'adler32'
[2024-03-27 08:43:15,690][numcodecs][DEBUG] - Registering codec 'json2'
[2024-03-27 08:43:15,690][numcodecs][DEBUG] - Registering codec 'json2'
[2024-03-27 08:43:15,691][numcodecs][DEBUG] - Registering codec 'vlen-utf8'
[2024-03-27 08:43:15,691][numcodecs][DEBUG] - Registering codec 'vlen-bytes'
[2024-03-27 08:43:15,691][numcodecs][DEBUG] - Registering codec 'vlen-array'
[2024-03-27 08:43:15,691][numcodecs][DEBUG] - Registering codec 'vlen-utf8'
[2024-03-27 08:43:15,691][numcodecs][DEBUG] - Registering codec 'vlen-bytes'
[2024-03-27 08:43:15,691][numcodecs][DEBUG] - Registering codec 'vlen-utf8'
[2024-03-27 08:43:15,691][numcodecs][DEBUG] - Registering codec 'vlen-array'
[2024-03-27 08:43:15,691][numcodecs][DEBUG] - Registering codec 'vlen-bytes'
[2024-03-27 08:43:15,691][numcodecs][DEBUG] - Registering codec 'vlen-array'
[2024-03-27 08:43:15,703][numcodecs][DEBUG] - Registering codec 'n5_wrapper'
[2024-03-27 08:43:15,703][numcodecs][DEBUG] - Registering codec 'n5_wrapper'
[2024-03-27 08:43:15,703][numcodecs][DEBUG] - Registering codec 'n5_wrapper'
[2024-03-27 20:52:28,811][__main__][INFO] - experiment working directory: /home/disk/brume/nacc/dlesm/zephyr
[2024-03-27 20:52:28,813][__main__][INFO] - experiment working directory: /home/disk/brume/nacc/dlesm/zephyr
[2024-03-27 20:52:28,813][__main__][INFO] - experiment working directory: /home/disk/brume/nacc/dlesm/zephyr
[2024-03-27 20:52:28,815][__main__][INFO] - experiment working directory: /home/disk/brume/nacc/dlesm/zephyr
[2024-03-27 20:52:29,423][torch.distributed.distributed_c10d][INFO] - Added key: store_based_barrier_key:1 to store for rank: 2
[2024-03-27 20:52:29,450][torch.distributed.distributed_c10d][INFO] - Added key: store_based_barrier_key:1 to store for rank: 3
[2024-03-27 20:52:29,470][torch.distributed.distributed_c10d][INFO] - Added key: store_based_barrier_key:1 to store for rank: 0
[2024-03-27 20:52:29,472][torch.distributed.distributed_c10d][INFO] - Added key: store_based_barrier_key:1 to store for rank: 1
[2024-03-27 20:52:29,473][torch.distributed.distributed_c10d][INFO] - Rank 1: Completed store-based barrier for key:store_based_barrier_key:1 with 4 nodes.
[2024-03-27 20:52:29,473][torch.distributed.distributed_c10d][INFO] - Rank 2: Completed store-based barrier for key:store_based_barrier_key:1 with 4 nodes.
[2024-03-27 20:52:29,481][torch.distributed.distributed_c10d][INFO] - Rank 3: Completed store-based barrier for key:store_based_barrier_key:1 with 4 nodes.
[2024-03-27 20:52:29,481][torch.distributed.distributed_c10d][INFO] - Rank 0: Completed store-based barrier for key:store_based_barrier_key:1 with 4 nodes.
[2024-03-27 20:52:29,637][numexpr.utils][INFO] - Note: NumExpr detected 64 cores but "NUMEXPR_MAX_THREADS" not set, so enforcing safe limit of 8.
[2024-03-27 20:52:29,637][numexpr.utils][INFO] - NumExpr defaulting to 8 threads.
[2024-03-27 20:52:29,637][numexpr.utils][INFO] - Note: NumExpr detected 64 cores but "NUMEXPR_MAX_THREADS" not set, so enforcing safe limit of 8.
[2024-03-27 20:52:29,637][numexpr.utils][INFO] - Note: NumExpr detected 64 cores but "NUMEXPR_MAX_THREADS" not set, so enforcing safe limit of 8.
[2024-03-27 20:52:29,638][numexpr.utils][INFO] - NumExpr defaulting to 8 threads.
[2024-03-27 20:52:29,638][numexpr.utils][INFO] - NumExpr defaulting to 8 threads.
[2024-03-27 20:52:29,638][numexpr.utils][INFO] - Note: NumExpr detected 64 cores but "NUMEXPR_MAX_THREADS" not set, so enforcing safe limit of 8.
[2024-03-27 20:52:29,638][numexpr.utils][INFO] - NumExpr defaulting to 8 threads.
[2024-03-27 20:52:30,177][training.dlwp.data.data_loading][INFO] - opening input datasets
[2024-03-27 20:52:30,243][numcodecs][DEBUG] - Registering codec 'zlib'
[2024-03-27 20:52:30,244][numcodecs][DEBUG] - Registering codec 'gzip'
[2024-03-27 20:52:30,245][numcodecs][DEBUG] - Registering codec 'bz2'
[2024-03-27 20:52:30,245][numcodecs][DEBUG] - Registering codec 'lzma'
[2024-03-27 20:52:30,248][numcodecs][DEBUG] - Registering codec 'blosc'
[2024-03-27 20:52:30,248][numcodecs][DEBUG] - Registering codec 'zstd'
[2024-03-27 20:52:30,249][numcodecs][DEBUG] - Registering codec 'lz4'
[2024-03-27 20:52:30,250][numcodecs][DEBUG] - Registering codec 'astype'
[2024-03-27 20:52:30,251][numcodecs][DEBUG] - Registering codec 'delta'
[2024-03-27 20:52:30,251][numcodecs][DEBUG] - Registering codec 'quantize'
[2024-03-27 20:52:30,252][numcodecs][DEBUG] - Registering codec 'fixedscaleoffset'
[2024-03-27 20:52:30,253][numcodecs][DEBUG] - Registering codec 'packbits'
[2024-03-27 20:52:30,253][numcodecs][DEBUG] - Registering codec 'categorize'
[2024-03-27 20:52:30,254][numcodecs][DEBUG] - Registering codec 'pickle'
[2024-03-27 20:52:30,255][numcodecs][DEBUG] - Registering codec 'base64'
[2024-03-27 20:52:30,256][numcodecs][DEBUG] - Registering codec 'shuffle'
[2024-03-27 20:52:30,256][numcodecs][DEBUG] - Registering codec 'bitround'
[2024-03-27 20:52:30,261][numcodecs][DEBUG] - Registering codec 'msgpack2'
[2024-03-27 20:52:30,262][numcodecs][DEBUG] - Registering codec 'crc32'
[2024-03-27 20:52:30,262][numcodecs][DEBUG] - Registering codec 'adler32'
[2024-03-27 20:52:30,262][numcodecs][DEBUG] - Registering codec 'json2'
[2024-03-27 20:52:30,263][numcodecs][DEBUG] - Registering codec 'vlen-utf8'
[2024-03-27 20:52:30,263][numcodecs][DEBUG] - Registering codec 'vlen-bytes'
[2024-03-27 20:52:30,263][numcodecs][DEBUG] - Registering codec 'vlen-array'
[2024-03-27 20:52:30,281][numcodecs][DEBUG] - Registering codec 'n5_wrapper'
[2024-03-27 20:52:31,676][numcodecs][DEBUG] - Registering codec 'zlib'
[2024-03-27 20:52:31,676][numcodecs][DEBUG] - Registering codec 'gzip'
[2024-03-27 20:52:31,676][numcodecs][DEBUG] - Registering codec 'bz2'
[2024-03-27 20:52:31,677][numcodecs][DEBUG] - Registering codec 'lzma'
[2024-03-27 20:52:31,676][numcodecs][DEBUG] - Registering codec 'zlib'
[2024-03-27 20:52:31,677][numcodecs][DEBUG] - Registering codec 'gzip'
[2024-03-27 20:52:31,677][numcodecs][DEBUG] - Registering codec 'zlib'
[2024-03-27 20:52:31,677][numcodecs][DEBUG] - Registering codec 'bz2'
[2024-03-27 20:52:31,677][numcodecs][DEBUG] - Registering codec 'gzip'
[2024-03-27 20:52:31,677][numcodecs][DEBUG] - Registering codec 'lzma'
[2024-03-27 20:52:31,677][numcodecs][DEBUG] - Registering codec 'bz2'
[2024-03-27 20:52:31,678][numcodecs][DEBUG] - Registering codec 'lzma'
[2024-03-27 20:52:31,678][numcodecs][DEBUG] - Registering codec 'blosc'
[2024-03-27 20:52:31,678][numcodecs][DEBUG] - Registering codec 'zstd'
[2024-03-27 20:52:31,678][numcodecs][DEBUG] - Registering codec 'blosc'
[2024-03-27 20:52:31,679][numcodecs][DEBUG] - Registering codec 'lz4'
[2024-03-27 20:52:31,679][numcodecs][DEBUG] - Registering codec 'blosc'
[2024-03-27 20:52:31,679][numcodecs][DEBUG] - Registering codec 'zstd'
[2024-03-27 20:52:31,679][numcodecs][DEBUG] - Registering codec 'astype'
[2024-03-27 20:52:31,679][numcodecs][DEBUG] - Registering codec 'delta'
[2024-03-27 20:52:31,679][numcodecs][DEBUG] - Registering codec 'lz4'
[2024-03-27 20:52:31,679][numcodecs][DEBUG] - Registering codec 'zstd'
[2024-03-27 20:52:31,679][numcodecs][DEBUG] - Registering codec 'quantize'
[2024-03-27 20:52:31,679][numcodecs][DEBUG] - Registering codec 'fixedscaleoffset'
[2024-03-27 20:52:31,679][numcodecs][DEBUG] - Registering codec 'lz4'
[2024-03-27 20:52:31,680][numcodecs][DEBUG] - Registering codec 'astype'
[2024-03-27 20:52:31,680][numcodecs][DEBUG] - Registering codec 'packbits'
[2024-03-27 20:52:31,680][numcodecs][DEBUG] - Registering codec 'delta'
[2024-03-27 20:52:31,680][numcodecs][DEBUG] - Registering codec 'categorize'
[2024-03-27 20:52:31,680][numcodecs][DEBUG] - Registering codec 'pickle'
[2024-03-27 20:52:31,680][numcodecs][DEBUG] - Registering codec 'quantize'
[2024-03-27 20:52:31,680][numcodecs][DEBUG] - Registering codec 'astype'
[2024-03-27 20:52:31,680][numcodecs][DEBUG] - Registering codec 'base64'
[2024-03-27 20:52:31,680][numcodecs][DEBUG] - Registering codec 'fixedscaleoffset'
[2024-03-27 20:52:31,680][numcodecs][DEBUG] - Registering codec 'delta'
[2024-03-27 20:52:31,680][numcodecs][DEBUG] - Registering codec 'packbits'
[2024-03-27 20:52:31,680][numcodecs][DEBUG] - Registering codec 'quantize'
[2024-03-27 20:52:31,680][numcodecs][DEBUG] - Registering codec 'categorize'
[2024-03-27 20:52:31,680][numcodecs][DEBUG] - Registering codec 'fixedscaleoffset'
[2024-03-27 20:52:31,681][numcodecs][DEBUG] - Registering codec 'pickle'
[2024-03-27 20:52:31,681][numcodecs][DEBUG] - Registering codec 'shuffle'
[2024-03-27 20:52:31,681][numcodecs][DEBUG] - Registering codec 'packbits'
[2024-03-27 20:52:31,681][numcodecs][DEBUG] - Registering codec 'base64'
[2024-03-27 20:52:31,681][numcodecs][DEBUG] - Registering codec 'bitround'
[2024-03-27 20:52:31,681][numcodecs][DEBUG] - Registering codec 'categorize'
[2024-03-27 20:52:31,681][numcodecs][DEBUG] - Registering codec 'pickle'
[2024-03-27 20:52:31,681][numcodecs][DEBUG] - Registering codec 'base64'
[2024-03-27 20:52:31,681][numcodecs][DEBUG] - Registering codec 'shuffle'
[2024-03-27 20:52:31,681][numcodecs][DEBUG] - Registering codec 'bitround'
[2024-03-27 20:52:31,682][numcodecs][DEBUG] - Registering codec 'shuffle'
[2024-03-27 20:52:31,682][numcodecs][DEBUG] - Registering codec 'bitround'
[2024-03-27 20:52:31,682][numcodecs][DEBUG] - Registering codec 'msgpack2'
[2024-03-27 20:52:31,682][numcodecs][DEBUG] - Registering codec 'crc32'
[2024-03-27 20:52:31,682][numcodecs][DEBUG] - Registering codec 'adler32'
[2024-03-27 20:52:31,683][numcodecs][DEBUG] - Registering codec 'json2'
[2024-03-27 20:52:31,683][numcodecs][DEBUG] - Registering codec 'msgpack2'
[2024-03-27 20:52:31,683][numcodecs][DEBUG] - Registering codec 'vlen-utf8'
[2024-03-27 20:52:31,683][numcodecs][DEBUG] - Registering codec 'vlen-bytes'
[2024-03-27 20:52:31,683][numcodecs][DEBUG] - Registering codec 'vlen-array'
[2024-03-27 20:52:31,683][numcodecs][DEBUG] - Registering codec 'crc32'
[2024-03-27 20:52:31,683][numcodecs][DEBUG] - Registering codec 'adler32'
[2024-03-27 20:52:31,683][numcodecs][DEBUG] - Registering codec 'json2'
[2024-03-27 20:52:31,683][numcodecs][DEBUG] - Registering codec 'msgpack2'
[2024-03-27 20:52:31,683][numcodecs][DEBUG] - Registering codec 'crc32'
[2024-03-27 20:52:31,683][numcodecs][DEBUG] - Registering codec 'adler32'
[2024-03-27 20:52:31,684][numcodecs][DEBUG] - Registering codec 'vlen-utf8'
[2024-03-27 20:52:31,684][numcodecs][DEBUG] - Registering codec 'vlen-bytes'
[2024-03-27 20:52:31,684][numcodecs][DEBUG] - Registering codec 'vlen-array'
[2024-03-27 20:52:31,684][numcodecs][DEBUG] - Registering codec 'json2'
[2024-03-27 20:52:31,684][numcodecs][DEBUG] - Registering codec 'vlen-utf8'
[2024-03-27 20:52:31,684][numcodecs][DEBUG] - Registering codec 'vlen-bytes'
[2024-03-27 20:52:31,684][numcodecs][DEBUG] - Registering codec 'vlen-array'
[2024-03-27 20:52:31,691][numcodecs][DEBUG] - Registering codec 'n5_wrapper'
[2024-03-27 20:52:31,692][numcodecs][DEBUG] - Registering codec 'n5_wrapper'
[2024-03-27 20:52:31,693][numcodecs][DEBUG] - Registering codec 'n5_wrapper'
[2024-03-27 20:52:52,468][torch.nn.parallel.distributed][INFO] - Reducer buckets have been rebuilt in this iteration.
[2024-03-27 20:52:52,468][torch.nn.parallel.distributed][INFO] - Reducer buckets have been rebuilt in this iteration.
[2024-03-27 20:52:52,468][torch.nn.parallel.distributed][INFO] - Reducer buckets have been rebuilt in this iteration.
[2024-03-27 20:52:52,468][torch.nn.parallel.distributed][INFO] - Reducer buckets have been rebuilt in this iteration.
[2024-03-28 09:00:41,091][__main__][INFO] - experiment working directory: /home/disk/brume/nacc/dlesm/zephyr
[2024-03-28 09:00:41,107][__main__][INFO] - experiment working directory: /home/disk/brume/nacc/dlesm/zephyr
[2024-03-28 09:00:41,114][__main__][INFO] - experiment working directory: /home/disk/brume/nacc/dlesm/zephyr
[2024-03-28 09:00:41,126][__main__][INFO] - experiment working directory: /home/disk/brume/nacc/dlesm/zephyr
[2024-03-28 09:00:41,486][torch.distributed.distributed_c10d][INFO] - Added key: store_based_barrier_key:1 to store for rank: 2
[2024-03-28 09:00:41,492][torch.distributed.distributed_c10d][INFO] - Added key: store_based_barrier_key:1 to store for rank: 1
[2024-03-28 09:00:43,082][torch.distributed.distributed_c10d][INFO] - Added key: store_based_barrier_key:1 to store for rank: 3
[2024-03-28 09:00:43,179][torch.distributed.distributed_c10d][INFO] - Added key: store_based_barrier_key:1 to store for rank: 0
[2024-03-28 09:00:43,179][torch.distributed.distributed_c10d][INFO] - Rank 1: Completed store-based barrier for key:store_based_barrier_key:1 with 4 nodes.
[2024-03-28 09:00:43,179][torch.distributed.distributed_c10d][INFO] - Rank 0: Completed store-based barrier for key:store_based_barrier_key:1 with 4 nodes.
[2024-03-28 09:00:43,183][torch.distributed.distributed_c10d][INFO] - Rank 3: Completed store-based barrier for key:store_based_barrier_key:1 with 4 nodes.
[2024-03-28 09:00:43,184][torch.distributed.distributed_c10d][INFO] - Rank 2: Completed store-based barrier for key:store_based_barrier_key:1 with 4 nodes.
[2024-03-28 09:00:43,409][numexpr.utils][INFO] - Note: NumExpr detected 64 cores but "NUMEXPR_MAX_THREADS" not set, so enforcing safe limit of 8.
[2024-03-28 09:00:43,410][numexpr.utils][INFO] - Note: NumExpr detected 64 cores but "NUMEXPR_MAX_THREADS" not set, so enforcing safe limit of 8.
[2024-03-28 09:00:43,410][numexpr.utils][INFO] - NumExpr defaulting to 8 threads.
[2024-03-28 09:00:43,410][numexpr.utils][INFO] - NumExpr defaulting to 8 threads.
[2024-03-28 09:00:43,410][numexpr.utils][INFO] - Note: NumExpr detected 64 cores but "NUMEXPR_MAX_THREADS" not set, so enforcing safe limit of 8.
[2024-03-28 09:00:43,410][numexpr.utils][INFO] - Note: NumExpr detected 64 cores but "NUMEXPR_MAX_THREADS" not set, so enforcing safe limit of 8.
[2024-03-28 09:00:43,410][numexpr.utils][INFO] - NumExpr defaulting to 8 threads.
[2024-03-28 09:00:43,410][numexpr.utils][INFO] - NumExpr defaulting to 8 threads.
[2024-03-28 09:00:44,029][training.dlwp.data.data_loading][INFO] - opening input datasets
[2024-03-28 09:00:44,098][numcodecs][DEBUG] - Registering codec 'zlib'
[2024-03-28 09:00:44,099][numcodecs][DEBUG] - Registering codec 'gzip'
[2024-03-28 09:00:44,100][numcodecs][DEBUG] - Registering codec 'bz2'
[2024-03-28 09:00:44,100][numcodecs][DEBUG] - Registering codec 'lzma'
[2024-03-28 09:00:44,102][numcodecs][DEBUG] - Registering codec 'blosc'
[2024-03-28 09:00:44,103][numcodecs][DEBUG] - Registering codec 'zstd'
[2024-03-28 09:00:44,104][numcodecs][DEBUG] - Registering codec 'lz4'
[2024-03-28 09:00:44,105][numcodecs][DEBUG] - Registering codec 'astype'
[2024-03-28 09:00:44,106][numcodecs][DEBUG] - Registering codec 'delta'
[2024-03-28 09:00:44,106][numcodecs][DEBUG] - Registering codec 'quantize'
[2024-03-28 09:00:44,107][numcodecs][DEBUG] - Registering codec 'fixedscaleoffset'
[2024-03-28 09:00:44,108][numcodecs][DEBUG] - Registering codec 'packbits'
[2024-03-28 09:00:44,109][numcodecs][DEBUG] - Registering codec 'categorize'
[2024-03-28 09:00:44,109][numcodecs][DEBUG] - Registering codec 'pickle'
[2024-03-28 09:00:44,110][numcodecs][DEBUG] - Registering codec 'base64'
[2024-03-28 09:00:44,111][numcodecs][DEBUG] - Registering codec 'shuffle'
[2024-03-28 09:00:44,112][numcodecs][DEBUG] - Registering codec 'bitround'
[2024-03-28 09:00:44,117][numcodecs][DEBUG] - Registering codec 'msgpack2'
[2024-03-28 09:00:44,118][numcodecs][DEBUG] - Registering codec 'crc32'
[2024-03-28 09:00:44,118][numcodecs][DEBUG] - Registering codec 'adler32'
[2024-03-28 09:00:44,119][numcodecs][DEBUG] - Registering codec 'json2'
[2024-03-28 09:00:44,119][numcodecs][DEBUG] - Registering codec 'vlen-utf8'
[2024-03-28 09:00:44,119][numcodecs][DEBUG] - Registering codec 'vlen-bytes'
[2024-03-28 09:00:44,119][numcodecs][DEBUG] - Registering codec 'vlen-array'
[2024-03-28 09:00:44,140][numcodecs][DEBUG] - Registering codec 'n5_wrapper'
[2024-03-28 09:00:45,837][numcodecs][DEBUG] - Registering codec 'zlib'
[2024-03-28 09:00:45,838][numcodecs][DEBUG] - Registering codec 'gzip'
[2024-03-28 09:00:45,838][numcodecs][DEBUG] - Registering codec 'bz2'
[2024-03-28 09:00:45,838][numcodecs][DEBUG] - Registering codec 'zlib'
[2024-03-28 09:00:45,838][numcodecs][DEBUG] - Registering codec 'lzma'
[2024-03-28 09:00:45,838][numcodecs][DEBUG] - Registering codec 'gzip'
[2024-03-28 09:00:45,838][numcodecs][DEBUG] - Registering codec 'bz2'
[2024-03-28 09:00:45,838][numcodecs][DEBUG] - Registering codec 'zlib'
[2024-03-28 09:00:45,838][numcodecs][DEBUG] - Registering codec 'lzma'
[2024-03-28 09:00:45,839][numcodecs][DEBUG] - Registering codec 'gzip'
[2024-03-28 09:00:45,839][numcodecs][DEBUG] - Registering codec 'bz2'
[2024-03-28 09:00:45,839][numcodecs][DEBUG] - Registering codec 'lzma'
[2024-03-28 09:00:45,839][numcodecs][DEBUG] - Registering codec 'blosc'
[2024-03-28 09:00:45,840][numcodecs][DEBUG] - Registering codec 'zstd'
[2024-03-28 09:00:45,840][numcodecs][DEBUG] - Registering codec 'blosc'
[2024-03-28 09:00:45,840][numcodecs][DEBUG] - Registering codec 'lz4'
[2024-03-28 09:00:45,840][numcodecs][DEBUG] - Registering codec 'zstd'
[2024-03-28 09:00:45,840][numcodecs][DEBUG] - Registering codec 'blosc'
[2024-03-28 09:00:45,840][numcodecs][DEBUG] - Registering codec 'lz4'
[2024-03-28 09:00:45,840][numcodecs][DEBUG] - Registering codec 'astype'
[2024-03-28 09:00:45,841][numcodecs][DEBUG] - Registering codec 'delta'
[2024-03-28 09:00:45,841][numcodecs][DEBUG] - Registering codec 'zstd'
[2024-03-28 09:00:45,841][numcodecs][DEBUG] - Registering codec 'quantize'
[2024-03-28 09:00:45,841][numcodecs][DEBUG] - Registering codec 'astype'
[2024-03-28 09:00:45,841][numcodecs][DEBUG] - Registering codec 'fixedscaleoffset'
[2024-03-28 09:00:45,841][numcodecs][DEBUG] - Registering codec 'lz4'
[2024-03-28 09:00:45,841][numcodecs][DEBUG] - Registering codec 'delta'
[2024-03-28 09:00:45,841][numcodecs][DEBUG] - Registering codec 'packbits'
[2024-03-28 09:00:45,841][numcodecs][DEBUG] - Registering codec 'quantize'
[2024-03-28 09:00:45,841][numcodecs][DEBUG] - Registering codec 'categorize'
[2024-03-28 09:00:45,841][numcodecs][DEBUG] - Registering codec 'fixedscaleoffset'
[2024-03-28 09:00:45,841][numcodecs][DEBUG] - Registering codec 'astype'
[2024-03-28 09:00:45,841][numcodecs][DEBUG] - Registering codec 'pickle'
[2024-03-28 09:00:45,841][numcodecs][DEBUG] - Registering codec 'packbits'
[2024-03-28 09:00:45,842][numcodecs][DEBUG] - Registering codec 'delta'
[2024-03-28 09:00:45,842][numcodecs][DEBUG] - Registering codec 'base64'
[2024-03-28 09:00:45,842][numcodecs][DEBUG] - Registering codec 'categorize'
[2024-03-28 09:00:45,842][numcodecs][DEBUG] - Registering codec 'quantize'
[2024-03-28 09:00:45,842][numcodecs][DEBUG] - Registering codec 'pickle'
[2024-03-28 09:00:45,842][numcodecs][DEBUG] - Registering codec 'fixedscaleoffset'
[2024-03-28 09:00:45,842][numcodecs][DEBUG] - Registering codec 'base64'
[2024-03-28 09:00:45,842][numcodecs][DEBUG] - Registering codec 'packbits'
[2024-03-28 09:00:45,842][numcodecs][DEBUG] - Registering codec 'shuffle'
[2024-03-28 09:00:45,842][numcodecs][DEBUG] - Registering codec 'categorize'
[2024-03-28 09:00:45,842][numcodecs][DEBUG] - Registering codec 'bitround'
[2024-03-28 09:00:45,842][numcodecs][DEBUG] - Registering codec 'pickle'
[2024-03-28 09:00:45,842][numcodecs][DEBUG] - Registering codec 'shuffle'
[2024-03-28 09:00:45,842][numcodecs][DEBUG] - Registering codec 'base64'
[2024-03-28 09:00:45,843][numcodecs][DEBUG] - Registering codec 'bitround'
[2024-03-28 09:00:45,843][numcodecs][DEBUG] - Registering codec 'shuffle'
[2024-03-28 09:00:45,843][numcodecs][DEBUG] - Registering codec 'bitround'
[2024-03-28 09:00:45,844][numcodecs][DEBUG] - Registering codec 'msgpack2'
[2024-03-28 09:00:45,844][numcodecs][DEBUG] - Registering codec 'crc32'
[2024-03-28 09:00:45,844][numcodecs][DEBUG] - Registering codec 'adler32'
[2024-03-28 09:00:45,844][numcodecs][DEBUG] - Registering codec 'msgpack2'
[2024-03-28 09:00:45,844][numcodecs][DEBUG] - Registering codec 'json2'
[2024-03-28 09:00:45,844][numcodecs][DEBUG] - Registering codec 'crc32'
[2024-03-28 09:00:45,844][numcodecs][DEBUG] - Registering codec 'adler32'
[2024-03-28 09:00:45,844][numcodecs][DEBUG] - Registering codec 'json2'
[2024-03-28 09:00:45,845][numcodecs][DEBUG] - Registering codec 'vlen-utf8'
[2024-03-28 09:00:45,845][numcodecs][DEBUG] - Registering codec 'vlen-bytes'
[2024-03-28 09:00:45,845][numcodecs][DEBUG] - Registering codec 'msgpack2'
[2024-03-28 09:00:45,845][numcodecs][DEBUG] - Registering codec 'vlen-array'
[2024-03-28 09:00:45,845][numcodecs][DEBUG] - Registering codec 'vlen-utf8'
[2024-03-28 09:00:45,845][numcodecs][DEBUG] - Registering codec 'crc32'
[2024-03-28 09:00:45,845][numcodecs][DEBUG] - Registering codec 'vlen-bytes'
[2024-03-28 09:00:45,845][numcodecs][DEBUG] - Registering codec 'adler32'
[2024-03-28 09:00:45,845][numcodecs][DEBUG] - Registering codec 'vlen-array'
[2024-03-28 09:00:45,845][numcodecs][DEBUG] - Registering codec 'json2'
[2024-03-28 09:00:45,845][numcodecs][DEBUG] - Registering codec 'vlen-utf8'
[2024-03-28 09:00:45,845][numcodecs][DEBUG] - Registering codec 'vlen-bytes'
[2024-03-28 09:00:45,846][numcodecs][DEBUG] - Registering codec 'vlen-array'
[2024-03-28 09:00:45,853][numcodecs][DEBUG] - Registering codec 'n5_wrapper'
[2024-03-28 09:00:45,853][numcodecs][DEBUG] - Registering codec 'n5_wrapper'
[2024-03-28 09:00:45,854][numcodecs][DEBUG] - Registering codec 'n5_wrapper'
[2024-03-28 09:01:07,808][torch.nn.parallel.distributed][INFO] - Reducer buckets have been rebuilt in this iteration.
[2024-03-28 09:01:07,809][torch.nn.parallel.distributed][INFO] - Reducer buckets have been rebuilt in this iteration.
[2024-03-28 09:01:07,809][torch.nn.parallel.distributed][INFO] - Reducer buckets have been rebuilt in this iteration.
[2024-03-28 09:01:07,809][torch.nn.parallel.distributed][INFO] - Reducer buckets have been rebuilt in this iteration.
[2024-03-28 09:02:07,395][__main__][INFO] - experiment working directory: /home/disk/brume/nacc/dlesm/zephyr
[2024-03-28 09:02:07,398][__main__][INFO] - experiment working directory: /home/disk/brume/nacc/dlesm/zephyr
[2024-03-28 09:02:07,400][__main__][INFO] - experiment working directory: /home/disk/brume/nacc/dlesm/zephyr
[2024-03-28 09:02:07,406][__main__][INFO] - experiment working directory: /home/disk/brume/nacc/dlesm/zephyr
[2024-03-28 09:02:09,352][torch.distributed.distributed_c10d][INFO] - Added key: store_based_barrier_key:1 to store for rank: 1
[2024-03-28 09:02:09,371][torch.distributed.distributed_c10d][INFO] - Added key: store_based_barrier_key:1 to store for rank: 3
[2024-03-28 09:02:09,375][torch.distributed.distributed_c10d][INFO] - Added key: store_based_barrier_key:1 to store for rank: 2
[2024-03-28 09:02:09,378][torch.distributed.distributed_c10d][INFO] - Added key: store_based_barrier_key:1 to store for rank: 0
[2024-03-28 09:02:09,378][torch.distributed.distributed_c10d][INFO] - Rank 0: Completed store-based barrier for key:store_based_barrier_key:1 with 4 nodes.
[2024-03-28 09:02:09,382][torch.distributed.distributed_c10d][INFO] - Rank 3: Completed store-based barrier for key:store_based_barrier_key:1 with 4 nodes.
[2024-03-28 09:02:09,383][torch.distributed.distributed_c10d][INFO] - Rank 1: Completed store-based barrier for key:store_based_barrier_key:1 with 4 nodes.
[2024-03-28 09:02:09,386][torch.distributed.distributed_c10d][INFO] - Rank 2: Completed store-based barrier for key:store_based_barrier_key:1 with 4 nodes.
[2024-03-28 09:02:09,538][numexpr.utils][INFO] - Note: NumExpr detected 64 cores but "NUMEXPR_MAX_THREADS" not set, so enforcing safe limit of 8.
[2024-03-28 09:02:09,538][numexpr.utils][INFO] - NumExpr defaulting to 8 threads.
[2024-03-28 09:02:09,538][numexpr.utils][INFO] - Note: NumExpr detected 64 cores but "NUMEXPR_MAX_THREADS" not set, so enforcing safe limit of 8.
[2024-03-28 09:02:09,538][numexpr.utils][INFO] - Note: NumExpr detected 64 cores but "NUMEXPR_MAX_THREADS" not set, so enforcing safe limit of 8.
[2024-03-28 09:02:09,538][numexpr.utils][INFO] - NumExpr defaulting to 8 threads.
[2024-03-28 09:02:09,538][numexpr.utils][INFO] - NumExpr defaulting to 8 threads.
[2024-03-28 09:02:09,538][numexpr.utils][INFO] - Note: NumExpr detected 64 cores but "NUMEXPR_MAX_THREADS" not set, so enforcing safe limit of 8.
[2024-03-28 09:02:09,538][numexpr.utils][INFO] - NumExpr defaulting to 8 threads.
[2024-03-28 09:02:09,912][training.dlwp.data.data_loading][INFO] - opening input datasets
[2024-03-28 09:02:09,952][numcodecs][DEBUG] - Registering codec 'zlib'
[2024-03-28 09:02:09,952][numcodecs][DEBUG] - Registering codec 'gzip'
[2024-03-28 09:02:09,953][numcodecs][DEBUG] - Registering codec 'bz2'
[2024-03-28 09:02:09,953][numcodecs][DEBUG] - Registering codec 'lzma'
[2024-03-28 09:02:09,954][numcodecs][DEBUG] - Registering codec 'blosc'
[2024-03-28 09:02:09,955][numcodecs][DEBUG] - Registering codec 'zstd'
[2024-03-28 09:02:09,955][numcodecs][DEBUG] - Registering codec 'lz4'
[2024-03-28 09:02:09,956][numcodecs][DEBUG] - Registering codec 'astype'
[2024-03-28 09:02:09,956][numcodecs][DEBUG] - Registering codec 'delta'
[2024-03-28 09:02:09,956][numcodecs][DEBUG] - Registering codec 'quantize'
[2024-03-28 09:02:09,957][numcodecs][DEBUG] - Registering codec 'fixedscaleoffset'
[2024-03-28 09:02:09,957][numcodecs][DEBUG] - Registering codec 'packbits'
[2024-03-28 09:02:09,957][numcodecs][DEBUG] - Registering codec 'categorize'
[2024-03-28 09:02:09,958][numcodecs][DEBUG] - Registering codec 'pickle'
[2024-03-28 09:02:09,958][numcodecs][DEBUG] - Registering codec 'base64'
[2024-03-28 09:02:09,959][numcodecs][DEBUG] - Registering codec 'shuffle'
[2024-03-28 09:02:09,959][numcodecs][DEBUG] - Registering codec 'bitround'
[2024-03-28 09:02:09,962][numcodecs][DEBUG] - Registering codec 'msgpack2'
[2024-03-28 09:02:09,962][numcodecs][DEBUG] - Registering codec 'crc32'
[2024-03-28 09:02:09,962][numcodecs][DEBUG] - Registering codec 'adler32'
[2024-03-28 09:02:09,962][numcodecs][DEBUG] - Registering codec 'json2'
[2024-03-28 09:02:09,963][numcodecs][DEBUG] - Registering codec 'vlen-utf8'
[2024-03-28 09:02:09,963][numcodecs][DEBUG] - Registering codec 'vlen-bytes'
[2024-03-28 09:02:09,963][numcodecs][DEBUG] - Registering codec 'vlen-array'
[2024-03-28 09:02:09,975][numcodecs][DEBUG] - Registering codec 'n5_wrapper'
[2024-03-28 09:02:11,442][numcodecs][DEBUG] - Registering codec 'zlib'
[2024-03-28 09:02:11,442][numcodecs][DEBUG] - Registering codec 'gzip'
[2024-03-28 09:02:11,442][numcodecs][DEBUG] - Registering codec 'zlib'
[2024-03-28 09:02:11,443][numcodecs][DEBUG] - Registering codec 'bz2'
[2024-03-28 09:02:11,442][numcodecs][DEBUG] - Registering codec 'zlib'
[2024-03-28 09:02:11,443][numcodecs][DEBUG] - Registering codec 'gzip'
[2024-03-28 09:02:11,443][numcodecs][DEBUG] - Registering codec 'lzma'
[2024-03-28 09:02:11,443][numcodecs][DEBUG] - Registering codec 'gzip'
[2024-03-28 09:02:11,443][numcodecs][DEBUG] - Registering codec 'bz2'
[2024-03-28 09:02:11,443][numcodecs][DEBUG] - Registering codec 'bz2'
[2024-03-28 09:02:11,443][numcodecs][DEBUG] - Registering codec 'lzma'
[2024-03-28 09:02:11,443][numcodecs][DEBUG] - Registering codec 'lzma'
[2024-03-28 09:02:11,444][numcodecs][DEBUG] - Registering codec 'blosc'
[2024-03-28 09:02:11,444][numcodecs][DEBUG] - Registering codec 'blosc'
[2024-03-28 09:02:11,444][numcodecs][DEBUG] - Registering codec 'blosc'
[2024-03-28 09:02:11,444][numcodecs][DEBUG] - Registering codec 'zstd'
[2024-03-28 09:02:11,445][numcodecs][DEBUG] - Registering codec 'zstd'
[2024-03-28 09:02:11,445][numcodecs][DEBUG] - Registering codec 'zstd'
[2024-03-28 09:02:11,445][numcodecs][DEBUG] - Registering codec 'lz4'
[2024-03-28 09:02:11,445][numcodecs][DEBUG] - Registering codec 'lz4'
[2024-03-28 09:02:11,445][numcodecs][DEBUG] - Registering codec 'lz4'
[2024-03-28 09:02:11,445][numcodecs][DEBUG] - Registering codec 'astype'
[2024-03-28 09:02:11,445][numcodecs][DEBUG] - Registering codec 'astype'
[2024-03-28 09:02:11,445][numcodecs][DEBUG] - Registering codec 'delta'
[2024-03-28 09:02:11,445][numcodecs][DEBUG] - Registering codec 'astype'
[2024-03-28 09:02:11,446][numcodecs][DEBUG] - Registering codec 'delta'
[2024-03-28 09:02:11,446][numcodecs][DEBUG] - Registering codec 'quantize'
[2024-03-28 09:02:11,446][numcodecs][DEBUG] - Registering codec 'delta'
[2024-03-28 09:02:11,446][numcodecs][DEBUG] - Registering codec 'fixedscaleoffset'
[2024-03-28 09:02:11,446][numcodecs][DEBUG] - Registering codec 'quantize'
[2024-03-28 09:02:11,446][numcodecs][DEBUG] - Registering codec 'quantize'
[2024-03-28 09:02:11,446][numcodecs][DEBUG] - Registering codec 'packbits'
[2024-03-28 09:02:11,446][numcodecs][DEBUG] - Registering codec 'fixedscaleoffset'
[2024-03-28 09:02:11,446][numcodecs][DEBUG] - Registering codec 'fixedscaleoffset'
[2024-03-28 09:02:11,446][numcodecs][DEBUG] - Registering codec 'categorize'
[2024-03-28 09:02:11,446][numcodecs][DEBUG] - Registering codec 'packbits'
[2024-03-28 09:02:11,446][numcodecs][DEBUG] - Registering codec 'packbits'
[2024-03-28 09:02:11,446][numcodecs][DEBUG] - Registering codec 'pickle'
[2024-03-28 09:02:11,446][numcodecs][DEBUG] - Registering codec 'categorize'
[2024-03-28 09:02:11,446][numcodecs][DEBUG] - Registering codec 'categorize'
[2024-03-28 09:02:11,446][numcodecs][DEBUG] - Registering codec 'base64'
[2024-03-28 09:02:11,447][numcodecs][DEBUG] - Registering codec 'pickle'
[2024-03-28 09:02:11,447][numcodecs][DEBUG] - Registering codec 'pickle'
[2024-03-28 09:02:11,447][numcodecs][DEBUG] - Registering codec 'base64'
[2024-03-28 09:02:11,447][numcodecs][DEBUG] - Registering codec 'base64'
[2024-03-28 09:02:11,447][numcodecs][DEBUG] - Registering codec 'shuffle'
[2024-03-28 09:02:11,447][numcodecs][DEBUG] - Registering codec 'shuffle'
[2024-03-28 09:02:11,447][numcodecs][DEBUG] - Registering codec 'bitround'
[2024-03-28 09:02:11,447][numcodecs][DEBUG] - Registering codec 'shuffle'
[2024-03-28 09:02:11,447][numcodecs][DEBUG] - Registering codec 'bitround'
[2024-03-28 09:02:11,447][numcodecs][DEBUG] - Registering codec 'bitround'
[2024-03-28 09:02:11,449][numcodecs][DEBUG] - Registering codec 'msgpack2'
[2024-03-28 09:02:11,449][numcodecs][DEBUG] - Registering codec 'msgpack2'
[2024-03-28 09:02:11,449][numcodecs][DEBUG] - Registering codec 'msgpack2'
[2024-03-28 09:02:11,449][numcodecs][DEBUG] - Registering codec 'crc32'
[2024-03-28 09:02:11,449][numcodecs][DEBUG] - Registering codec 'adler32'
[2024-03-28 09:02:11,449][numcodecs][DEBUG] - Registering codec 'crc32'
[2024-03-28 09:02:11,449][numcodecs][DEBUG] - Registering codec 'adler32'
[2024-03-28 09:02:11,449][numcodecs][DEBUG] - Registering codec 'crc32'
[2024-03-28 09:02:11,449][numcodecs][DEBUG] - Registering codec 'json2'
[2024-03-28 09:02:11,449][numcodecs][DEBUG] - Registering codec 'adler32'
[2024-03-28 09:02:11,449][numcodecs][DEBUG] - Registering codec 'json2'
[2024-03-28 09:02:11,449][numcodecs][DEBUG] - Registering codec 'json2'
[2024-03-28 09:02:11,450][numcodecs][DEBUG] - Registering codec 'vlen-utf8'
[2024-03-28 09:02:11,450][numcodecs][DEBUG] - Registering codec 'vlen-bytes'
[2024-03-28 09:02:11,450][numcodecs][DEBUG] - Registering codec 'vlen-array'
[2024-03-28 09:02:11,450][numcodecs][DEBUG] - Registering codec 'vlen-utf8'
[2024-03-28 09:02:11,450][numcodecs][DEBUG] - Registering codec 'vlen-utf8'
[2024-03-28 09:02:11,450][numcodecs][DEBUG] - Registering codec 'vlen-bytes'
[2024-03-28 09:02:11,450][numcodecs][DEBUG] - Registering codec 'vlen-bytes'
[2024-03-28 09:02:11,450][numcodecs][DEBUG] - Registering codec 'vlen-array'
[2024-03-28 09:02:11,450][numcodecs][DEBUG] - Registering codec 'vlen-array'
[2024-03-28 09:02:11,458][numcodecs][DEBUG] - Registering codec 'n5_wrapper'
[2024-03-28 09:02:11,458][numcodecs][DEBUG] - Registering codec 'n5_wrapper'
[2024-03-28 09:02:11,458][numcodecs][DEBUG] - Registering codec 'n5_wrapper'
[2024-03-28 09:02:30,239][torch.nn.parallel.distributed][INFO] - Reducer buckets have been rebuilt in this iteration.
[2024-03-28 09:02:30,239][torch.nn.parallel.distributed][INFO] - Reducer buckets have been rebuilt in this iteration.
[2024-03-28 09:02:30,239][torch.nn.parallel.distributed][INFO] - Reducer buckets have been rebuilt in this iteration.
[2024-03-28 09:02:30,239][torch.nn.parallel.distributed][INFO] - Reducer buckets have been rebuilt in this iteration.
[2024-03-28 09:03:40,734][__main__][INFO] - experiment working directory: /home/disk/brume/nacc/dlesm/zephyr
[2024-03-28 09:03:40,735][__main__][INFO] - experiment working directory: /home/disk/brume/nacc/dlesm/zephyr
[2024-03-28 09:03:40,736][__main__][INFO] - experiment working directory: /home/disk/brume/nacc/dlesm/zephyr
[2024-03-28 09:03:40,741][__main__][INFO] - experiment working directory: /home/disk/brume/nacc/dlesm/zephyr
[2024-03-28 09:03:43,712][torch.distributed.distributed_c10d][INFO] - Added key: store_based_barrier_key:1 to store for rank: 3
[2024-03-28 09:03:43,722][torch.distributed.distributed_c10d][INFO] - Added key: store_based_barrier_key:1 to store for rank: 1
[2024-03-28 09:03:43,724][torch.distributed.distributed_c10d][INFO] - Added key: store_based_barrier_key:1 to store for rank: 2
[2024-03-28 09:03:43,725][torch.distributed.distributed_c10d][INFO] - Added key: store_based_barrier_key:1 to store for rank: 0
[2024-03-28 09:03:43,726][torch.distributed.distributed_c10d][INFO] - Rank 0: Completed store-based barrier for key:store_based_barrier_key:1 with 4 nodes.
[2024-03-28 09:03:43,733][torch.distributed.distributed_c10d][INFO] - Rank 3: Completed store-based barrier for key:store_based_barrier_key:1 with 4 nodes.
[2024-03-28 09:03:43,733][torch.distributed.distributed_c10d][INFO] - Rank 1: Completed store-based barrier for key:store_based_barrier_key:1 with 4 nodes.
[2024-03-28 09:03:43,735][torch.distributed.distributed_c10d][INFO] - Rank 2: Completed store-based barrier for key:store_based_barrier_key:1 with 4 nodes.
[2024-03-28 09:03:43,890][numexpr.utils][INFO] - Note: NumExpr detected 64 cores but "NUMEXPR_MAX_THREADS" not set, so enforcing safe limit of 8.
[2024-03-28 09:03:43,890][numexpr.utils][INFO] - Note: NumExpr detected 64 cores but "NUMEXPR_MAX_THREADS" not set, so enforcing safe limit of 8.
[2024-03-28 09:03:43,891][numexpr.utils][INFO] - NumExpr defaulting to 8 threads.
[2024-03-28 09:03:43,891][numexpr.utils][INFO] - NumExpr defaulting to 8 threads.
[2024-03-28 09:03:43,891][numexpr.utils][INFO] - Note: NumExpr detected 64 cores but "NUMEXPR_MAX_THREADS" not set, so enforcing safe limit of 8.
[2024-03-28 09:03:43,891][numexpr.utils][INFO] - NumExpr defaulting to 8 threads.
[2024-03-28 09:03:43,894][numexpr.utils][INFO] - Note: NumExpr detected 64 cores but "NUMEXPR_MAX_THREADS" not set, so enforcing safe limit of 8.
[2024-03-28 09:03:43,894][numexpr.utils][INFO] - NumExpr defaulting to 8 threads.
[2024-03-28 09:03:44,474][training.dlwp.data.data_loading][INFO] - opening input datasets
[2024-03-28 09:03:44,528][numcodecs][DEBUG] - Registering codec 'zlib'
[2024-03-28 09:03:44,529][numcodecs][DEBUG] - Registering codec 'gzip'
[2024-03-28 09:03:44,529][numcodecs][DEBUG] - Registering codec 'bz2'
[2024-03-28 09:03:44,530][numcodecs][DEBUG] - Registering codec 'lzma'
[2024-03-28 09:03:44,534][numcodecs][DEBUG] - Registering codec 'blosc'
[2024-03-28 09:03:44,535][numcodecs][DEBUG] - Registering codec 'zstd'
[2024-03-28 09:03:44,536][numcodecs][DEBUG] - Registering codec 'lz4'
[2024-03-28 09:03:44,538][numcodecs][DEBUG] - Registering codec 'astype'
[2024-03-28 09:03:44,538][numcodecs][DEBUG] - Registering codec 'delta'
[2024-03-28 09:03:44,539][numcodecs][DEBUG] - Registering codec 'quantize'
[2024-03-28 09:03:44,540][numcodecs][DEBUG] - Registering codec 'fixedscaleoffset'
[2024-03-28 09:03:44,540][numcodecs][DEBUG] - Registering codec 'packbits'
[2024-03-28 09:03:44,541][numcodecs][DEBUG] - Registering codec 'categorize'
[2024-03-28 09:03:44,542][numcodecs][DEBUG] - Registering codec 'pickle'
[2024-03-28 09:03:44,542][numcodecs][DEBUG] - Registering codec 'base64'
[2024-03-28 09:03:44,544][numcodecs][DEBUG] - Registering codec 'shuffle'
[2024-03-28 09:03:44,545][numcodecs][DEBUG] - Registering codec 'bitround'
[2024-03-28 09:03:44,551][numcodecs][DEBUG] - Registering codec 'msgpack2'
[2024-03-28 09:03:44,551][numcodecs][DEBUG] - Registering codec 'crc32'
[2024-03-28 09:03:44,551][numcodecs][DEBUG] - Registering codec 'adler32'
[2024-03-28 09:03:44,552][numcodecs][DEBUG] - Registering codec 'json2'
[2024-03-28 09:03:44,554][numcodecs][DEBUG] - Registering codec 'vlen-utf8'
[2024-03-28 09:03:44,554][numcodecs][DEBUG] - Registering codec 'vlen-bytes'
[2024-03-28 09:03:44,554][numcodecs][DEBUG] - Registering codec 'vlen-array'
[2024-03-28 09:03:44,572][numcodecs][DEBUG] - Registering codec 'n5_wrapper'
[2024-03-28 09:03:46,162][numcodecs][DEBUG] - Registering codec 'zlib'
[2024-03-28 09:03:46,162][numcodecs][DEBUG] - Registering codec 'gzip'
[2024-03-28 09:03:46,163][numcodecs][DEBUG] - Registering codec 'bz2'
[2024-03-28 09:03:46,163][numcodecs][DEBUG] - Registering codec 'zlib'
[2024-03-28 09:03:46,163][numcodecs][DEBUG] - Registering codec 'lzma'
[2024-03-28 09:03:46,163][numcodecs][DEBUG] - Registering codec 'gzip'
[2024-03-28 09:03:46,163][numcodecs][DEBUG] - Registering codec 'zlib'
[2024-03-28 09:03:46,163][numcodecs][DEBUG] - Registering codec 'bz2'
[2024-03-28 09:03:46,163][numcodecs][DEBUG] - Registering codec 'gzip'
[2024-03-28 09:03:46,163][numcodecs][DEBUG] - Registering codec 'lzma'
[2024-03-28 09:03:46,163][numcodecs][DEBUG] - Registering codec 'bz2'
[2024-03-28 09:03:46,163][numcodecs][DEBUG] - Registering codec 'lzma'
[2024-03-28 09:03:46,164][numcodecs][DEBUG] - Registering codec 'blosc'
[2024-03-28 09:03:46,164][numcodecs][DEBUG] - Registering codec 'blosc'
[2024-03-28 09:03:46,165][numcodecs][DEBUG] - Registering codec 'blosc'
[2024-03-28 09:03:46,165][numcodecs][DEBUG] - Registering codec 'zstd'
[2024-03-28 09:03:46,165][numcodecs][DEBUG] - Registering codec 'zstd'
[2024-03-28 09:03:46,165][numcodecs][DEBUG] - Registering codec 'zstd'
[2024-03-28 09:03:46,165][numcodecs][DEBUG] - Registering codec 'lz4'
[2024-03-28 09:03:46,165][numcodecs][DEBUG] - Registering codec 'lz4'
[2024-03-28 09:03:46,165][numcodecs][DEBUG] - Registering codec 'lz4'
[2024-03-28 09:03:46,166][numcodecs][DEBUG] - Registering codec 'astype'
[2024-03-28 09:03:46,166][numcodecs][DEBUG] - Registering codec 'astype'
[2024-03-28 09:03:46,166][numcodecs][DEBUG] - Registering codec 'astype'
[2024-03-28 09:03:46,166][numcodecs][DEBUG] - Registering codec 'delta'
[2024-03-28 09:03:46,166][numcodecs][DEBUG] - Registering codec 'delta'
[2024-03-28 09:03:46,166][numcodecs][DEBUG] - Registering codec 'delta'
[2024-03-28 09:03:46,166][numcodecs][DEBUG] - Registering codec 'quantize'
[2024-03-28 09:03:46,166][numcodecs][DEBUG] - Registering codec 'quantize'
[2024-03-28 09:03:46,166][numcodecs][DEBUG] - Registering codec 'quantize'
[2024-03-28 09:03:46,166][numcodecs][DEBUG] - Registering codec 'fixedscaleoffset'
[2024-03-28 09:03:46,166][numcodecs][DEBUG] - Registering codec 'fixedscaleoffset'
[2024-03-28 09:03:46,166][numcodecs][DEBUG] - Registering codec 'fixedscaleoffset'
[2024-03-28 09:03:46,166][numcodecs][DEBUG] - Registering codec 'packbits'
[2024-03-28 09:03:46,166][numcodecs][DEBUG] - Registering codec 'packbits'
[2024-03-28 09:03:46,166][numcodecs][DEBUG] - Registering codec 'packbits'
[2024-03-28 09:03:46,167][numcodecs][DEBUG] - Registering codec 'categorize'
[2024-03-28 09:03:46,167][numcodecs][DEBUG] - Registering codec 'categorize'
[2024-03-28 09:03:46,167][numcodecs][DEBUG] - Registering codec 'categorize'
[2024-03-28 09:03:46,167][numcodecs][DEBUG] - Registering codec 'pickle'
[2024-03-28 09:03:46,167][numcodecs][DEBUG] - Registering codec 'pickle'
[2024-03-28 09:03:46,167][numcodecs][DEBUG] - Registering codec 'pickle'
[2024-03-28 09:03:46,167][numcodecs][DEBUG] - Registering codec 'base64'
[2024-03-28 09:03:46,167][numcodecs][DEBUG] - Registering codec 'base64'
[2024-03-28 09:03:46,167][numcodecs][DEBUG] - Registering codec 'base64'
[2024-03-28 09:03:46,168][numcodecs][DEBUG] - Registering codec 'shuffle'
[2024-03-28 09:03:46,168][numcodecs][DEBUG] - Registering codec 'shuffle'
[2024-03-28 09:03:46,168][numcodecs][DEBUG] - Registering codec 'shuffle'
[2024-03-28 09:03:46,168][numcodecs][DEBUG] - Registering codec 'bitround'
[2024-03-28 09:03:46,168][numcodecs][DEBUG] - Registering codec 'bitround'
[2024-03-28 09:03:46,168][numcodecs][DEBUG] - Registering codec 'bitround'
[2024-03-28 09:03:46,169][numcodecs][DEBUG] - Registering codec 'msgpack2'
[2024-03-28 09:03:46,169][numcodecs][DEBUG] - Registering codec 'msgpack2'
[2024-03-28 09:03:46,169][numcodecs][DEBUG] - Registering codec 'msgpack2'
[2024-03-28 09:03:46,169][numcodecs][DEBUG] - Registering codec 'crc32'
[2024-03-28 09:03:46,169][numcodecs][DEBUG] - Registering codec 'crc32'
[2024-03-28 09:03:46,169][numcodecs][DEBUG] - Registering codec 'crc32'
[2024-03-28 09:03:46,169][numcodecs][DEBUG] - Registering codec 'adler32'
[2024-03-28 09:03:46,169][numcodecs][DEBUG] - Registering codec 'adler32'
[2024-03-28 09:03:46,169][numcodecs][DEBUG] - Registering codec 'adler32'
[2024-03-28 09:03:46,170][numcodecs][DEBUG] - Registering codec 'json2'
[2024-03-28 09:03:46,170][numcodecs][DEBUG] - Registering codec 'json2'
[2024-03-28 09:03:46,170][numcodecs][DEBUG] - Registering codec 'json2'
[2024-03-28 09:03:46,170][numcodecs][DEBUG] - Registering codec 'vlen-utf8'
[2024-03-28 09:03:46,170][numcodecs][DEBUG] - Registering codec 'vlen-utf8'
[2024-03-28 09:03:46,170][numcodecs][DEBUG] - Registering codec 'vlen-bytes'
[2024-03-28 09:03:46,170][numcodecs][DEBUG] - Registering codec 'vlen-bytes'
[2024-03-28 09:03:46,170][numcodecs][DEBUG] - Registering codec 'vlen-array'
[2024-03-28 09:03:46,170][numcodecs][DEBUG] - Registering codec 'vlen-utf8'
[2024-03-28 09:03:46,170][numcodecs][DEBUG] - Registering codec 'vlen-array'
[2024-03-28 09:03:46,170][numcodecs][DEBUG] - Registering codec 'vlen-bytes'
[2024-03-28 09:03:46,170][numcodecs][DEBUG] - Registering codec 'vlen-array'
[2024-03-28 09:03:46,179][numcodecs][DEBUG] - Registering codec 'n5_wrapper'
[2024-03-28 09:03:46,179][numcodecs][DEBUG] - Registering codec 'n5_wrapper'
[2024-03-28 09:03:46,179][numcodecs][DEBUG] - Registering codec 'n5_wrapper'
[2024-03-28 09:04:06,142][torch.nn.parallel.distributed][INFO] - Reducer buckets have been rebuilt in this iteration.
[2024-03-28 09:04:06,142][torch.nn.parallel.distributed][INFO] - Reducer buckets have been rebuilt in this iteration.
[2024-03-28 09:04:06,142][torch.nn.parallel.distributed][INFO] - Reducer buckets have been rebuilt in this iteration.
[2024-03-28 09:04:06,142][torch.nn.parallel.distributed][INFO] - Reducer buckets have been rebuilt in this iteration.
[2024-03-28 09:05:58,132][__main__][INFO] - experiment working directory: /home/disk/brume/nacc/dlesm/zephyr
[2024-03-28 09:05:58,137][__main__][INFO] - experiment working directory: /home/disk/brume/nacc/dlesm/zephyr
[2024-03-28 09:05:58,139][__main__][INFO] - experiment working directory: /home/disk/brume/nacc/dlesm/zephyr
[2024-03-28 09:05:58,139][__main__][INFO] - experiment working directory: /home/disk/brume/nacc/dlesm/zephyr
[2024-03-28 09:06:02,548][torch.distributed.distributed_c10d][INFO] - Added key: store_based_barrier_key:1 to store for rank: 3
[2024-03-28 09:06:02,559][torch.distributed.distributed_c10d][INFO] - Added key: store_based_barrier_key:1 to store for rank: 1
[2024-03-28 09:06:02,560][torch.distributed.distributed_c10d][INFO] - Added key: store_based_barrier_key:1 to store for rank: 2
[2024-03-28 09:06:02,562][torch.distributed.distributed_c10d][INFO] - Added key: store_based_barrier_key:1 to store for rank: 0
[2024-03-28 09:06:02,562][torch.distributed.distributed_c10d][INFO] - Rank 0: Completed store-based barrier for key:store_based_barrier_key:1 with 4 nodes.
[2024-03-28 09:06:02,569][torch.distributed.distributed_c10d][INFO] - Rank 3: Completed store-based barrier for key:store_based_barrier_key:1 with 4 nodes.
[2024-03-28 09:06:02,570][torch.distributed.distributed_c10d][INFO] - Rank 1: Completed store-based barrier for key:store_based_barrier_key:1 with 4 nodes.
[2024-03-28 09:06:02,571][torch.distributed.distributed_c10d][INFO] - Rank 2: Completed store-based barrier for key:store_based_barrier_key:1 with 4 nodes.
[2024-03-28 09:06:02,758][numexpr.utils][INFO] - Note: NumExpr detected 64 cores but "NUMEXPR_MAX_THREADS" not set, so enforcing safe limit of 8.
[2024-03-28 09:06:02,758][numexpr.utils][INFO] - Note: NumExpr detected 64 cores but "NUMEXPR_MAX_THREADS" not set, so enforcing safe limit of 8.
[2024-03-28 09:06:02,758][numexpr.utils][INFO] - NumExpr defaulting to 8 threads.
[2024-03-28 09:06:02,758][numexpr.utils][INFO] - Note: NumExpr detected 64 cores but "NUMEXPR_MAX_THREADS" not set, so enforcing safe limit of 8.
[2024-03-28 09:06:02,758][numexpr.utils][INFO] - NumExpr defaulting to 8 threads.
[2024-03-28 09:06:02,758][numexpr.utils][INFO] - NumExpr defaulting to 8 threads.
[2024-03-28 09:06:02,758][numexpr.utils][INFO] - Note: NumExpr detected 64 cores but "NUMEXPR_MAX_THREADS" not set, so enforcing safe limit of 8.
[2024-03-28 09:06:02,758][numexpr.utils][INFO] - NumExpr defaulting to 8 threads.
[2024-03-28 09:06:03,328][training.dlwp.data.data_loading][INFO] - opening input datasets
[2024-03-28 09:06:03,381][numcodecs][DEBUG] - Registering codec 'zlib'
[2024-03-28 09:06:03,382][numcodecs][DEBUG] - Registering codec 'gzip'
[2024-03-28 09:06:03,383][numcodecs][DEBUG] - Registering codec 'bz2'
[2024-03-28 09:06:03,384][numcodecs][DEBUG] - Registering codec 'lzma'
[2024-03-28 09:06:03,386][numcodecs][DEBUG] - Registering codec 'blosc'
[2024-03-28 09:06:03,386][numcodecs][DEBUG] - Registering codec 'zstd'
[2024-03-28 09:06:03,387][numcodecs][DEBUG] - Registering codec 'lz4'
[2024-03-28 09:06:03,388][numcodecs][DEBUG] - Registering codec 'astype'
[2024-03-28 09:06:03,389][numcodecs][DEBUG] - Registering codec 'delta'
[2024-03-28 09:06:03,390][numcodecs][DEBUG] - Registering codec 'quantize'
[2024-03-28 09:06:03,391][numcodecs][DEBUG] - Registering codec 'fixedscaleoffset'
[2024-03-28 09:06:03,391][numcodecs][DEBUG] - Registering codec 'packbits'
[2024-03-28 09:06:03,392][numcodecs][DEBUG] - Registering codec 'categorize'
[2024-03-28 09:06:03,393][numcodecs][DEBUG] - Registering codec 'pickle'
[2024-03-28 09:06:03,393][numcodecs][DEBUG] - Registering codec 'base64'
[2024-03-28 09:06:03,395][numcodecs][DEBUG] - Registering codec 'shuffle'
[2024-03-28 09:06:03,395][numcodecs][DEBUG] - Registering codec 'bitround'
[2024-03-28 09:06:03,400][numcodecs][DEBUG] - Registering codec 'msgpack2'
[2024-03-28 09:06:03,401][numcodecs][DEBUG] - Registering codec 'crc32'
[2024-03-28 09:06:03,401][numcodecs][DEBUG] - Registering codec 'adler32'
[2024-03-28 09:06:03,401][numcodecs][DEBUG] - Registering codec 'json2'
[2024-03-28 09:06:03,402][numcodecs][DEBUG] - Registering codec 'vlen-utf8'
[2024-03-28 09:06:03,402][numcodecs][DEBUG] - Registering codec 'vlen-bytes'
[2024-03-28 09:06:03,402][numcodecs][DEBUG] - Registering codec 'vlen-array'
[2024-03-28 09:06:03,420][numcodecs][DEBUG] - Registering codec 'n5_wrapper'
[2024-03-28 09:06:04,897][numcodecs][DEBUG] - Registering codec 'zlib'
[2024-03-28 09:06:04,897][numcodecs][DEBUG] - Registering codec 'zlib'
[2024-03-28 09:06:04,897][numcodecs][DEBUG] - Registering codec 'gzip'
[2024-03-28 09:06:04,897][numcodecs][DEBUG] - Registering codec 'gzip'
[2024-03-28 09:06:04,897][numcodecs][DEBUG] - Registering codec 'bz2'
[2024-03-28 09:06:04,898][numcodecs][DEBUG] - Registering codec 'bz2'
[2024-03-28 09:06:04,898][numcodecs][DEBUG] - Registering codec 'lzma'
[2024-03-28 09:06:04,897][numcodecs][DEBUG] - Registering codec 'zlib'
[2024-03-28 09:06:04,898][numcodecs][DEBUG] - Registering codec 'lzma'
[2024-03-28 09:06:04,898][numcodecs][DEBUG] - Registering codec 'gzip'
[2024-03-28 09:06:04,898][numcodecs][DEBUG] - Registering codec 'bz2'
[2024-03-28 09:06:04,898][numcodecs][DEBUG] - Registering codec 'lzma'
[2024-03-28 09:06:04,899][numcodecs][DEBUG] - Registering codec 'blosc'
[2024-03-28 09:06:04,899][numcodecs][DEBUG] - Registering codec 'blosc'
[2024-03-28 09:06:04,899][numcodecs][DEBUG] - Registering codec 'blosc'
[2024-03-28 09:06:04,899][numcodecs][DEBUG] - Registering codec 'zstd'
[2024-03-28 09:06:04,899][numcodecs][DEBUG] - Registering codec 'zstd'
[2024-03-28 09:06:04,900][numcodecs][DEBUG] - Registering codec 'lz4'
[2024-03-28 09:06:04,900][numcodecs][DEBUG] - Registering codec 'lz4'
[2024-03-28 09:06:04,900][numcodecs][DEBUG] - Registering codec 'zstd'
[2024-03-28 09:06:04,900][numcodecs][DEBUG] - Registering codec 'lz4'
[2024-03-28 09:06:04,900][numcodecs][DEBUG] - Registering codec 'astype'
[2024-03-28 09:06:04,900][numcodecs][DEBUG] - Registering codec 'astype'
[2024-03-28 09:06:04,900][numcodecs][DEBUG] - Registering codec 'delta'
[2024-03-28 09:06:04,900][numcodecs][DEBUG] - Registering codec 'delta'
[2024-03-28 09:06:04,900][numcodecs][DEBUG] - Registering codec 'astype'
[2024-03-28 09:06:04,901][numcodecs][DEBUG] - Registering codec 'quantize'
[2024-03-28 09:06:04,901][numcodecs][DEBUG] - Registering codec 'quantize'
[2024-03-28 09:06:04,901][numcodecs][DEBUG] - Registering codec 'delta'
[2024-03-28 09:06:04,901][numcodecs][DEBUG] - Registering codec 'fixedscaleoffset'
[2024-03-28 09:06:04,901][numcodecs][DEBUG] - Registering codec 'fixedscaleoffset'
[2024-03-28 09:06:04,901][numcodecs][DEBUG] - Registering codec 'packbits'
[2024-03-28 09:06:04,901][numcodecs][DEBUG] - Registering codec 'packbits'
[2024-03-28 09:06:04,901][numcodecs][DEBUG] - Registering codec 'quantize'
[2024-03-28 09:06:04,901][numcodecs][DEBUG] - Registering codec 'categorize'
[2024-03-28 09:06:04,901][numcodecs][DEBUG] - Registering codec 'categorize'
[2024-03-28 09:06:04,901][numcodecs][DEBUG] - Registering codec 'fixedscaleoffset'
[2024-03-28 09:06:04,901][numcodecs][DEBUG] - Registering codec 'pickle'
[2024-03-28 09:06:04,901][numcodecs][DEBUG] - Registering codec 'pickle'
[2024-03-28 09:06:04,901][numcodecs][DEBUG] - Registering codec 'packbits'
[2024-03-28 09:06:04,901][numcodecs][DEBUG] - Registering codec 'base64'
[2024-03-28 09:06:04,901][numcodecs][DEBUG] - Registering codec 'base64'
[2024-03-28 09:06:04,901][numcodecs][DEBUG] - Registering codec 'categorize'
[2024-03-28 09:06:04,902][numcodecs][DEBUG] - Registering codec 'pickle'
[2024-03-28 09:06:04,902][numcodecs][DEBUG] - Registering codec 'base64'
[2024-03-28 09:06:04,902][numcodecs][DEBUG] - Registering codec 'shuffle'
[2024-03-28 09:06:04,902][numcodecs][DEBUG] - Registering codec 'shuffle'
[2024-03-28 09:06:04,902][numcodecs][DEBUG] - Registering codec 'bitround'
[2024-03-28 09:06:04,902][numcodecs][DEBUG] - Registering codec 'bitround'
[2024-03-28 09:06:04,902][numcodecs][DEBUG] - Registering codec 'shuffle'
[2024-03-28 09:06:04,903][numcodecs][DEBUG] - Registering codec 'bitround'
[2024-03-28 09:06:04,904][numcodecs][DEBUG] - Registering codec 'msgpack2'
[2024-03-28 09:06:04,904][numcodecs][DEBUG] - Registering codec 'msgpack2'
[2024-03-28 09:06:04,904][numcodecs][DEBUG] - Registering codec 'crc32'
[2024-03-28 09:06:04,904][numcodecs][DEBUG] - Registering codec 'adler32'
[2024-03-28 09:06:04,904][numcodecs][DEBUG] - Registering codec 'crc32'
[2024-03-28 09:06:04,904][numcodecs][DEBUG] - Registering codec 'adler32'
[2024-03-28 09:06:04,904][numcodecs][DEBUG] - Registering codec 'json2'
[2024-03-28 09:06:04,904][numcodecs][DEBUG] - Registering codec 'msgpack2'
[2024-03-28 09:06:04,904][numcodecs][DEBUG] - Registering codec 'json2'
[2024-03-28 09:06:04,904][numcodecs][DEBUG] - Registering codec 'crc32'
[2024-03-28 09:06:04,904][numcodecs][DEBUG] - Registering codec 'adler32'
[2024-03-28 09:06:04,904][numcodecs][DEBUG] - Registering codec 'vlen-utf8'
[2024-03-28 09:06:04,904][numcodecs][DEBUG] - Registering codec 'vlen-bytes'
[2024-03-28 09:06:04,904][numcodecs][DEBUG] - Registering codec 'vlen-array'
[2024-03-28 09:06:04,904][numcodecs][DEBUG] - Registering codec 'vlen-utf8'
[2024-03-28 09:06:04,905][numcodecs][DEBUG] - Registering codec 'vlen-bytes'
[2024-03-28 09:06:04,905][numcodecs][DEBUG] - Registering codec 'vlen-array'
[2024-03-28 09:06:04,905][numcodecs][DEBUG] - Registering codec 'json2'
[2024-03-28 09:06:04,905][numcodecs][DEBUG] - Registering codec 'vlen-utf8'
[2024-03-28 09:06:04,905][numcodecs][DEBUG] - Registering codec 'vlen-bytes'
[2024-03-28 09:06:04,905][numcodecs][DEBUG] - Registering codec 'vlen-array'
[2024-03-28 09:06:04,913][numcodecs][DEBUG] - Registering codec 'n5_wrapper'
[2024-03-28 09:06:04,913][numcodecs][DEBUG] - Registering codec 'n5_wrapper'
[2024-03-28 09:06:04,914][numcodecs][DEBUG] - Registering codec 'n5_wrapper'
[2024-03-28 09:06:23,947][torch.nn.parallel.distributed][INFO] - Reducer buckets have been rebuilt in this iteration.
[2024-03-28 09:06:23,947][torch.nn.parallel.distributed][INFO] - Reducer buckets have been rebuilt in this iteration.
[2024-03-28 09:06:23,947][torch.nn.parallel.distributed][INFO] - Reducer buckets have been rebuilt in this iteration.
[2024-03-28 09:06:23,947][torch.nn.parallel.distributed][INFO] - Reducer buckets have been rebuilt in this iteration.
[2024-03-28 09:26:04,224][__main__][INFO] - experiment working directory: /home/disk/brume/nacc/dlesm/zephyr
[2024-03-28 09:26:04,225][__main__][INFO] - experiment working directory: /home/disk/brume/nacc/dlesm/zephyr
[2024-03-28 09:26:04,227][__main__][INFO] - experiment working directory: /home/disk/brume/nacc/dlesm/zephyr
[2024-03-28 09:26:04,228][__main__][INFO] - experiment working directory: /home/disk/brume/nacc/dlesm/zephyr
[2024-03-28 09:26:05,867][torch.distributed.distributed_c10d][INFO] - Added key: store_based_barrier_key:1 to store for rank: 2
[2024-03-28 09:26:08,308][torch.distributed.distributed_c10d][INFO] - Added key: store_based_barrier_key:1 to store for rank: 3
[2024-03-28 09:26:08,314][torch.distributed.distributed_c10d][INFO] - Added key: store_based_barrier_key:1 to store for rank: 1
[2024-03-28 09:26:08,342][torch.distributed.distributed_c10d][INFO] - Added key: store_based_barrier_key:1 to store for rank: 0
[2024-03-28 09:26:08,342][torch.distributed.distributed_c10d][INFO] - Rank 0: Completed store-based barrier for key:store_based_barrier_key:1 with 4 nodes.
[2024-03-28 09:26:08,343][torch.distributed.distributed_c10d][INFO] - Rank 2: Completed store-based barrier for key:store_based_barrier_key:1 with 4 nodes.
[2024-03-28 09:26:08,345][torch.distributed.distributed_c10d][INFO] - Rank 1: Completed store-based barrier for key:store_based_barrier_key:1 with 4 nodes.
[2024-03-28 09:26:08,349][torch.distributed.distributed_c10d][INFO] - Rank 3: Completed store-based barrier for key:store_based_barrier_key:1 with 4 nodes.
[2024-03-28 09:26:09,028][numexpr.utils][INFO] - Note: NumExpr detected 64 cores but "NUMEXPR_MAX_THREADS" not set, so enforcing safe limit of 8.
[2024-03-28 09:26:09,028][numexpr.utils][INFO] - Note: NumExpr detected 64 cores but "NUMEXPR_MAX_THREADS" not set, so enforcing safe limit of 8.
[2024-03-28 09:26:09,028][numexpr.utils][INFO] - Note: NumExpr detected 64 cores but "NUMEXPR_MAX_THREADS" not set, so enforcing safe limit of 8.
[2024-03-28 09:26:09,029][numexpr.utils][INFO] - NumExpr defaulting to 8 threads.
[2024-03-28 09:26:09,029][numexpr.utils][INFO] - NumExpr defaulting to 8 threads.
[2024-03-28 09:26:09,029][numexpr.utils][INFO] - NumExpr defaulting to 8 threads.
[2024-03-28 09:26:09,029][numexpr.utils][INFO] - Note: NumExpr detected 64 cores but "NUMEXPR_MAX_THREADS" not set, so enforcing safe limit of 8.
[2024-03-28 09:26:09,029][numexpr.utils][INFO] - NumExpr defaulting to 8 threads.
[2024-03-28 09:26:10,213][training.dlwp.data.data_loading][INFO] - opening input datasets
[2024-03-28 09:26:10,339][numcodecs][DEBUG] - Registering codec 'zlib'
[2024-03-28 09:26:10,340][numcodecs][DEBUG] - Registering codec 'gzip'
[2024-03-28 09:26:10,340][numcodecs][DEBUG] - Registering codec 'bz2'
[2024-03-28 09:26:10,341][numcodecs][DEBUG] - Registering codec 'lzma'
[2024-03-28 09:26:10,409][numcodecs][DEBUG] - Registering codec 'blosc'
[2024-03-28 09:26:10,443][numcodecs][DEBUG] - Registering codec 'zstd'
[2024-03-28 09:26:10,453][numcodecs][DEBUG] - Registering codec 'lz4'
[2024-03-28 09:26:10,455][numcodecs][DEBUG] - Registering codec 'astype'
[2024-03-28 09:26:10,456][numcodecs][DEBUG] - Registering codec 'delta'
[2024-03-28 09:26:10,457][numcodecs][DEBUG] - Registering codec 'quantize'
[2024-03-28 09:26:10,458][numcodecs][DEBUG] - Registering codec 'fixedscaleoffset'
[2024-03-28 09:26:10,458][numcodecs][DEBUG] - Registering codec 'packbits'
[2024-03-28 09:26:10,459][numcodecs][DEBUG] - Registering codec 'categorize'
[2024-03-28 09:26:10,460][numcodecs][DEBUG] - Registering codec 'pickle'
[2024-03-28 09:26:10,461][numcodecs][DEBUG] - Registering codec 'base64'
[2024-03-28 09:26:10,473][numcodecs][DEBUG] - Registering codec 'shuffle'
[2024-03-28 09:26:10,474][numcodecs][DEBUG] - Registering codec 'bitround'
[2024-03-28 09:26:10,529][numcodecs][DEBUG] - Registering codec 'msgpack2'
[2024-03-28 09:26:10,534][numcodecs][DEBUG] - Registering codec 'crc32'
[2024-03-28 09:26:10,534][numcodecs][DEBUG] - Registering codec 'adler32'
[2024-03-28 09:26:10,535][numcodecs][DEBUG] - Registering codec 'json2'
[2024-03-28 09:26:10,540][numcodecs][DEBUG] - Registering codec 'vlen-utf8'
[2024-03-28 09:26:10,540][numcodecs][DEBUG] - Registering codec 'vlen-bytes'
[2024-03-28 09:26:10,540][numcodecs][DEBUG] - Registering codec 'vlen-array'
[2024-03-28 09:26:10,567][numcodecs][DEBUG] - Registering codec 'n5_wrapper'
[2024-03-28 09:26:14,823][numcodecs][DEBUG] - Registering codec 'zlib'
[2024-03-28 09:26:14,823][numcodecs][DEBUG] - Registering codec 'zlib'
[2024-03-28 09:26:14,823][numcodecs][DEBUG] - Registering codec 'zlib'
[2024-03-28 09:26:14,824][numcodecs][DEBUG] - Registering codec 'gzip'
[2024-03-28 09:26:14,824][numcodecs][DEBUG] - Registering codec 'gzip'
[2024-03-28 09:26:14,824][numcodecs][DEBUG] - Registering codec 'gzip'
[2024-03-28 09:26:14,824][numcodecs][DEBUG] - Registering codec 'bz2'
[2024-03-28 09:26:14,824][numcodecs][DEBUG] - Registering codec 'bz2'
[2024-03-28 09:26:14,824][numcodecs][DEBUG] - Registering codec 'bz2'
[2024-03-28 09:26:14,825][numcodecs][DEBUG] - Registering codec 'lzma'
[2024-03-28 09:26:14,825][numcodecs][DEBUG] - Registering codec 'lzma'
[2024-03-28 09:26:14,825][numcodecs][DEBUG] - Registering codec 'lzma'
[2024-03-28 09:26:14,827][numcodecs][DEBUG] - Registering codec 'blosc'
[2024-03-28 09:26:14,827][numcodecs][DEBUG] - Registering codec 'blosc'
[2024-03-28 09:26:14,827][numcodecs][DEBUG] - Registering codec 'blosc'
[2024-03-28 09:26:14,827][numcodecs][DEBUG] - Registering codec 'zstd'
[2024-03-28 09:26:14,827][numcodecs][DEBUG] - Registering codec 'zstd'
[2024-03-28 09:26:14,828][numcodecs][DEBUG] - Registering codec 'zstd'
[2024-03-28 09:26:14,828][numcodecs][DEBUG] - Registering codec 'lz4'
[2024-03-28 09:26:14,828][numcodecs][DEBUG] - Registering codec 'lz4'
[2024-03-28 09:26:14,828][numcodecs][DEBUG] - Registering codec 'lz4'
[2024-03-28 09:26:14,829][numcodecs][DEBUG] - Registering codec 'astype'
[2024-03-28 09:26:14,829][numcodecs][DEBUG] - Registering codec 'astype'
[2024-03-28 09:26:14,829][numcodecs][DEBUG] - Registering codec 'astype'
[2024-03-28 09:26:14,830][numcodecs][DEBUG] - Registering codec 'delta'
[2024-03-28 09:26:14,830][numcodecs][DEBUG] - Registering codec 'delta'
[2024-03-28 09:26:14,830][numcodecs][DEBUG] - Registering codec 'delta'
[2024-03-28 09:26:14,830][numcodecs][DEBUG] - Registering codec 'quantize'
[2024-03-28 09:26:14,830][numcodecs][DEBUG] - Registering codec 'quantize'
[2024-03-28 09:26:14,830][numcodecs][DEBUG] - Registering codec 'quantize'
[2024-03-28 09:26:14,831][numcodecs][DEBUG] - Registering codec 'fixedscaleoffset'
[2024-03-28 09:26:14,831][numcodecs][DEBUG] - Registering codec 'fixedscaleoffset'
[2024-03-28 09:26:14,831][numcodecs][DEBUG] - Registering codec 'fixedscaleoffset'
[2024-03-28 09:26:14,831][numcodecs][DEBUG] - Registering codec 'packbits'
[2024-03-28 09:26:14,831][numcodecs][DEBUG] - Registering codec 'packbits'
[2024-03-28 09:26:14,831][numcodecs][DEBUG] - Registering codec 'packbits'
[2024-03-28 09:26:14,832][numcodecs][DEBUG] - Registering codec 'categorize'
[2024-03-28 09:26:14,832][numcodecs][DEBUG] - Registering codec 'categorize'
[2024-03-28 09:26:14,832][numcodecs][DEBUG] - Registering codec 'categorize'
[2024-03-28 09:26:14,832][numcodecs][DEBUG] - Registering codec 'pickle'
[2024-03-28 09:26:14,832][numcodecs][DEBUG] - Registering codec 'pickle'
[2024-03-28 09:26:14,832][numcodecs][DEBUG] - Registering codec 'pickle'
[2024-03-28 09:26:14,833][numcodecs][DEBUG] - Registering codec 'base64'
[2024-03-28 09:26:14,833][numcodecs][DEBUG] - Registering codec 'base64'
[2024-03-28 09:26:14,833][numcodecs][DEBUG] - Registering codec 'base64'
[2024-03-28 09:26:14,834][numcodecs][DEBUG] - Registering codec 'shuffle'
[2024-03-28 09:26:14,834][numcodecs][DEBUG] - Registering codec 'shuffle'
[2024-03-28 09:26:14,834][numcodecs][DEBUG] - Registering codec 'shuffle'
[2024-03-28 09:26:14,834][numcodecs][DEBUG] - Registering codec 'bitround'
[2024-03-28 09:26:14,834][numcodecs][DEBUG] - Registering codec 'bitround'
[2024-03-28 09:26:14,835][numcodecs][DEBUG] - Registering codec 'bitround'
[2024-03-28 09:26:14,838][numcodecs][DEBUG] - Registering codec 'msgpack2'
[2024-03-28 09:26:14,838][numcodecs][DEBUG] - Registering codec 'msgpack2'
[2024-03-28 09:26:14,838][numcodecs][DEBUG] - Registering codec 'msgpack2'
[2024-03-28 09:26:14,838][numcodecs][DEBUG] - Registering codec 'crc32'
[2024-03-28 09:26:14,838][numcodecs][DEBUG] - Registering codec 'crc32'
[2024-03-28 09:26:14,838][numcodecs][DEBUG] - Registering codec 'adler32'
[2024-03-28 09:26:14,838][numcodecs][DEBUG] - Registering codec 'adler32'
[2024-03-28 09:26:14,838][numcodecs][DEBUG] - Registering codec 'crc32'
[2024-03-28 09:26:14,838][numcodecs][DEBUG] - Registering codec 'adler32'
[2024-03-28 09:26:14,839][numcodecs][DEBUG] - Registering codec 'json2'
[2024-03-28 09:26:14,839][numcodecs][DEBUG] - Registering codec 'json2'
[2024-03-28 09:26:14,839][numcodecs][DEBUG] - Registering codec 'json2'
[2024-03-28 09:26:14,839][numcodecs][DEBUG] - Registering codec 'vlen-utf8'
[2024-03-28 09:26:14,839][numcodecs][DEBUG] - Registering codec 'vlen-bytes'
[2024-03-28 09:26:14,839][numcodecs][DEBUG] - Registering codec 'vlen-array'
[2024-03-28 09:26:14,839][numcodecs][DEBUG] - Registering codec 'vlen-utf8'
[2024-03-28 09:26:14,839][numcodecs][DEBUG] - Registering codec 'vlen-bytes'
[2024-03-28 09:26:14,839][numcodecs][DEBUG] - Registering codec 'vlen-array'
[2024-03-28 09:26:14,839][numcodecs][DEBUG] - Registering codec 'vlen-utf8'
[2024-03-28 09:26:14,840][numcodecs][DEBUG] - Registering codec 'vlen-bytes'
[2024-03-28 09:26:14,840][numcodecs][DEBUG] - Registering codec 'vlen-array'
[2024-03-28 09:26:14,858][numcodecs][DEBUG] - Registering codec 'n5_wrapper'
[2024-03-28 09:26:14,858][numcodecs][DEBUG] - Registering codec 'n5_wrapper'
[2024-03-28 09:26:14,858][numcodecs][DEBUG] - Registering codec 'n5_wrapper'
[2024-03-28 09:26:43,425][torch.nn.parallel.distributed][INFO] - Reducer buckets have been rebuilt in this iteration.
[2024-03-28 09:26:43,425][torch.nn.parallel.distributed][INFO] - Reducer buckets have been rebuilt in this iteration.
[2024-03-28 09:26:43,425][torch.nn.parallel.distributed][INFO] - Reducer buckets have been rebuilt in this iteration.
[2024-03-28 09:26:43,425][torch.nn.parallel.distributed][INFO] - Reducer buckets have been rebuilt in this iteration.
[2024-03-28 09:27:47,849][__main__][INFO] - experiment working directory: /home/disk/brume/nacc/dlesm/zephyr
[2024-03-28 09:27:47,850][__main__][INFO] - experiment working directory: /home/disk/brume/nacc/dlesm/zephyr
[2024-03-28 09:27:47,851][__main__][INFO] - experiment working directory: /home/disk/brume/nacc/dlesm/zephyr
[2024-03-28 09:27:47,857][__main__][INFO] - experiment working directory: /home/disk/brume/nacc/dlesm/zephyr
[2024-03-28 09:27:48,179][torch.distributed.distributed_c10d][INFO] - Added key: store_based_barrier_key:1 to store for rank: 3
[2024-03-28 09:27:50,529][torch.distributed.distributed_c10d][INFO] - Added key: store_based_barrier_key:1 to store for rank: 1
[2024-03-28 09:27:50,531][torch.distributed.distributed_c10d][INFO] - Added key: store_based_barrier_key:1 to store for rank: 2
[2024-03-28 09:27:50,557][torch.distributed.distributed_c10d][INFO] - Added key: store_based_barrier_key:1 to store for rank: 0
[2024-03-28 09:27:50,558][torch.distributed.distributed_c10d][INFO] - Rank 0: Completed store-based barrier for key:store_based_barrier_key:1 with 4 nodes.
[2024-03-28 09:27:50,560][torch.distributed.distributed_c10d][INFO] - Rank 1: Completed store-based barrier for key:store_based_barrier_key:1 with 4 nodes.
[2024-03-28 09:27:50,560][torch.distributed.distributed_c10d][INFO] - Rank 3: Completed store-based barrier for key:store_based_barrier_key:1 with 4 nodes.
[2024-03-28 09:27:50,562][torch.distributed.distributed_c10d][INFO] - Rank 2: Completed store-based barrier for key:store_based_barrier_key:1 with 4 nodes.
[2024-03-28 09:27:50,744][numexpr.utils][INFO] - Note: NumExpr detected 64 cores but "NUMEXPR_MAX_THREADS" not set, so enforcing safe limit of 8.
[2024-03-28 09:27:50,745][numexpr.utils][INFO] - NumExpr defaulting to 8 threads.
[2024-03-28 09:27:50,745][numexpr.utils][INFO] - Note: NumExpr detected 64 cores but "NUMEXPR_MAX_THREADS" not set, so enforcing safe limit of 8.
[2024-03-28 09:27:50,745][numexpr.utils][INFO] - Note: NumExpr detected 64 cores but "NUMEXPR_MAX_THREADS" not set, so enforcing safe limit of 8.
[2024-03-28 09:27:50,745][numexpr.utils][INFO] - NumExpr defaulting to 8 threads.
[2024-03-28 09:27:50,745][numexpr.utils][INFO] - Note: NumExpr detected 64 cores but "NUMEXPR_MAX_THREADS" not set, so enforcing safe limit of 8.
[2024-03-28 09:27:50,745][numexpr.utils][INFO] - NumExpr defaulting to 8 threads.
[2024-03-28 09:27:50,745][numexpr.utils][INFO] - NumExpr defaulting to 8 threads.
[2024-03-28 09:27:51,293][training.dlwp.data.data_loading][INFO] - opening input datasets
[2024-03-28 09:27:51,351][numcodecs][DEBUG] - Registering codec 'zlib'
[2024-03-28 09:27:51,352][numcodecs][DEBUG] - Registering codec 'gzip'
[2024-03-28 09:27:51,352][numcodecs][DEBUG] - Registering codec 'bz2'
[2024-03-28 09:27:51,353][numcodecs][DEBUG] - Registering codec 'lzma'
[2024-03-28 09:27:51,355][numcodecs][DEBUG] - Registering codec 'blosc'
[2024-03-28 09:27:51,356][numcodecs][DEBUG] - Registering codec 'zstd'
[2024-03-28 09:27:51,356][numcodecs][DEBUG] - Registering codec 'lz4'
[2024-03-28 09:27:51,358][numcodecs][DEBUG] - Registering codec 'astype'
[2024-03-28 09:27:51,358][numcodecs][DEBUG] - Registering codec 'delta'
[2024-03-28 09:27:51,359][numcodecs][DEBUG] - Registering codec 'quantize'
[2024-03-28 09:27:51,360][numcodecs][DEBUG] - Registering codec 'fixedscaleoffset'
[2024-03-28 09:27:51,361][numcodecs][DEBUG] - Registering codec 'packbits'
[2024-03-28 09:27:51,361][numcodecs][DEBUG] - Registering codec 'categorize'
[2024-03-28 09:27:51,362][numcodecs][DEBUG] - Registering codec 'pickle'
[2024-03-28 09:27:51,363][numcodecs][DEBUG] - Registering codec 'base64'
[2024-03-28 09:27:51,364][numcodecs][DEBUG] - Registering codec 'shuffle'
[2024-03-28 09:27:51,365][numcodecs][DEBUG] - Registering codec 'bitround'
[2024-03-28 09:27:51,370][numcodecs][DEBUG] - Registering codec 'msgpack2'
[2024-03-28 09:27:51,370][numcodecs][DEBUG] - Registering codec 'crc32'
[2024-03-28 09:27:51,370][numcodecs][DEBUG] - Registering codec 'adler32'
[2024-03-28 09:27:51,371][numcodecs][DEBUG] - Registering codec 'json2'
[2024-03-28 09:27:51,372][numcodecs][DEBUG] - Registering codec 'vlen-utf8'
[2024-03-28 09:27:51,372][numcodecs][DEBUG] - Registering codec 'vlen-bytes'
[2024-03-28 09:27:51,372][numcodecs][DEBUG] - Registering codec 'vlen-array'
[2024-03-28 09:27:51,393][numcodecs][DEBUG] - Registering codec 'n5_wrapper'
[2024-03-28 09:27:52,784][numcodecs][DEBUG] - Registering codec 'zlib'
[2024-03-28 09:27:52,784][numcodecs][DEBUG] - Registering codec 'zlib'
[2024-03-28 09:27:52,785][numcodecs][DEBUG] - Registering codec 'gzip'
[2024-03-28 09:27:52,785][numcodecs][DEBUG] - Registering codec 'zlib'
[2024-03-28 09:27:52,785][numcodecs][DEBUG] - Registering codec 'gzip'
[2024-03-28 09:27:52,785][numcodecs][DEBUG] - Registering codec 'bz2'
[2024-03-28 09:27:52,785][numcodecs][DEBUG] - Registering codec 'bz2'
[2024-03-28 09:27:52,785][numcodecs][DEBUG] - Registering codec 'gzip'
[2024-03-28 09:27:52,785][numcodecs][DEBUG] - Registering codec 'lzma'
[2024-03-28 09:27:52,785][numcodecs][DEBUG] - Registering codec 'lzma'
[2024-03-28 09:27:52,785][numcodecs][DEBUG] - Registering codec 'bz2'
[2024-03-28 09:27:52,785][numcodecs][DEBUG] - Registering codec 'lzma'
[2024-03-28 09:27:52,786][numcodecs][DEBUG] - Registering codec 'blosc'
[2024-03-28 09:27:52,786][numcodecs][DEBUG] - Registering codec 'blosc'
[2024-03-28 09:27:52,787][numcodecs][DEBUG] - Registering codec 'blosc'
[2024-03-28 09:27:52,787][numcodecs][DEBUG] - Registering codec 'zstd'
[2024-03-28 09:27:52,787][numcodecs][DEBUG] - Registering codec 'zstd'
[2024-03-28 09:27:52,787][numcodecs][DEBUG] - Registering codec 'zstd'
[2024-03-28 09:27:52,787][numcodecs][DEBUG] - Registering codec 'lz4'
[2024-03-28 09:27:52,787][numcodecs][DEBUG] - Registering codec 'lz4'
[2024-03-28 09:27:52,787][numcodecs][DEBUG] - Registering codec 'lz4'
[2024-03-28 09:27:52,788][numcodecs][DEBUG] - Registering codec 'astype'
[2024-03-28 09:27:52,788][numcodecs][DEBUG] - Registering codec 'astype'
[2024-03-28 09:27:52,788][numcodecs][DEBUG] - Registering codec 'astype'
[2024-03-28 09:27:52,788][numcodecs][DEBUG] - Registering codec 'delta'
[2024-03-28 09:27:52,788][numcodecs][DEBUG] - Registering codec 'delta'
[2024-03-28 09:27:52,788][numcodecs][DEBUG] - Registering codec 'delta'
[2024-03-28 09:27:52,788][numcodecs][DEBUG] - Registering codec 'quantize'
[2024-03-28 09:27:52,788][numcodecs][DEBUG] - Registering codec 'quantize'
[2024-03-28 09:27:52,788][numcodecs][DEBUG] - Registering codec 'quantize'
[2024-03-28 09:27:52,788][numcodecs][DEBUG] - Registering codec 'fixedscaleoffset'
[2024-03-28 09:27:52,788][numcodecs][DEBUG] - Registering codec 'fixedscaleoffset'
[2024-03-28 09:27:52,788][numcodecs][DEBUG] - Registering codec 'fixedscaleoffset'
[2024-03-28 09:27:52,788][numcodecs][DEBUG] - Registering codec 'packbits'
[2024-03-28 09:27:52,788][numcodecs][DEBUG] - Registering codec 'packbits'
[2024-03-28 09:27:52,788][numcodecs][DEBUG] - Registering codec 'packbits'
[2024-03-28 09:27:52,789][numcodecs][DEBUG] - Registering codec 'categorize'
[2024-03-28 09:27:52,789][numcodecs][DEBUG] - Registering codec 'categorize'
[2024-03-28 09:27:52,789][numcodecs][DEBUG] - Registering codec 'categorize'
[2024-03-28 09:27:52,789][numcodecs][DEBUG] - Registering codec 'pickle'
[2024-03-28 09:27:52,789][numcodecs][DEBUG] - Registering codec 'pickle'
[2024-03-28 09:27:52,789][numcodecs][DEBUG] - Registering codec 'pickle'
[2024-03-28 09:27:52,789][numcodecs][DEBUG] - Registering codec 'base64'
[2024-03-28 09:27:52,789][numcodecs][DEBUG] - Registering codec 'base64'
[2024-03-28 09:27:52,789][numcodecs][DEBUG] - Registering codec 'base64'
[2024-03-28 09:27:52,789][numcodecs][DEBUG] - Registering codec 'shuffle'
[2024-03-28 09:27:52,789][numcodecs][DEBUG] - Registering codec 'shuffle'
[2024-03-28 09:27:52,789][numcodecs][DEBUG] - Registering codec 'shuffle'
[2024-03-28 09:27:52,790][numcodecs][DEBUG] - Registering codec 'bitround'
[2024-03-28 09:27:52,790][numcodecs][DEBUG] - Registering codec 'bitround'
[2024-03-28 09:27:52,790][numcodecs][DEBUG] - Registering codec 'bitround'
[2024-03-28 09:27:52,791][numcodecs][DEBUG] - Registering codec 'msgpack2'
[2024-03-28 09:27:52,791][numcodecs][DEBUG] - Registering codec 'msgpack2'
[2024-03-28 09:27:52,791][numcodecs][DEBUG] - Registering codec 'msgpack2'
[2024-03-28 09:27:52,791][numcodecs][DEBUG] - Registering codec 'crc32'
[2024-03-28 09:27:52,791][numcodecs][DEBUG] - Registering codec 'adler32'
[2024-03-28 09:27:52,791][numcodecs][DEBUG] - Registering codec 'crc32'
[2024-03-28 09:27:52,791][numcodecs][DEBUG] - Registering codec 'adler32'
[2024-03-28 09:27:52,791][numcodecs][DEBUG] - Registering codec 'crc32'
[2024-03-28 09:27:52,791][numcodecs][DEBUG] - Registering codec 'adler32'
[2024-03-28 09:27:52,791][numcodecs][DEBUG] - Registering codec 'json2'
[2024-03-28 09:27:52,792][numcodecs][DEBUG] - Registering codec 'json2'
[2024-03-28 09:27:52,792][numcodecs][DEBUG] - Registering codec 'json2'
[2024-03-28 09:27:52,792][numcodecs][DEBUG] - Registering codec 'vlen-utf8'
[2024-03-28 09:27:52,792][numcodecs][DEBUG] - Registering codec 'vlen-bytes'
[2024-03-28 09:27:52,792][numcodecs][DEBUG] - Registering codec 'vlen-array'
[2024-03-28 09:27:52,792][numcodecs][DEBUG] - Registering codec 'vlen-utf8'
[2024-03-28 09:27:52,792][numcodecs][DEBUG] - Registering codec 'vlen-bytes'
[2024-03-28 09:27:52,792][numcodecs][DEBUG] - Registering codec 'vlen-utf8'
[2024-03-28 09:27:52,792][numcodecs][DEBUG] - Registering codec 'vlen-array'
[2024-03-28 09:27:52,792][numcodecs][DEBUG] - Registering codec 'vlen-bytes'
[2024-03-28 09:27:52,792][numcodecs][DEBUG] - Registering codec 'vlen-array'
[2024-03-28 09:27:52,800][numcodecs][DEBUG] - Registering codec 'n5_wrapper'
[2024-03-28 09:27:52,800][numcodecs][DEBUG] - Registering codec 'n5_wrapper'
[2024-03-28 09:27:52,800][numcodecs][DEBUG] - Registering codec 'n5_wrapper'
[2024-03-28 09:28:11,214][torch.nn.parallel.distributed][INFO] - Reducer buckets have been rebuilt in this iteration.
[2024-03-28 09:28:11,215][torch.nn.parallel.distributed][INFO] - Reducer buckets have been rebuilt in this iteration.
[2024-03-28 09:28:11,214][torch.nn.parallel.distributed][INFO] - Reducer buckets have been rebuilt in this iteration.
[2024-03-28 09:28:11,214][torch.nn.parallel.distributed][INFO] - Reducer buckets have been rebuilt in this iteration.
[2024-03-28 09:28:57,484][__main__][INFO] - experiment working directory: /home/disk/brume/nacc/dlesm/zephyr
[2024-03-28 09:28:57,488][__main__][INFO] - experiment working directory: /home/disk/brume/nacc/dlesm/zephyr
[2024-03-28 09:28:57,488][__main__][INFO] - experiment working directory: /home/disk/brume/nacc/dlesm/zephyr
[2024-03-28 09:28:57,495][__main__][INFO] - experiment working directory: /home/disk/brume/nacc/dlesm/zephyr
[2024-03-28 09:29:00,713][torch.distributed.distributed_c10d][INFO] - Added key: store_based_barrier_key:1 to store for rank: 3
[2024-03-28 09:29:00,731][torch.distributed.distributed_c10d][INFO] - Added key: store_based_barrier_key:1 to store for rank: 1
[2024-03-28 09:29:00,732][torch.distributed.distributed_c10d][INFO] - Added key: store_based_barrier_key:1 to store for rank: 2
[2024-03-28 09:29:00,735][torch.distributed.distributed_c10d][INFO] - Added key: store_based_barrier_key:1 to store for rank: 0
[2024-03-28 09:29:00,736][torch.distributed.distributed_c10d][INFO] - Rank 0: Completed store-based barrier for key:store_based_barrier_key:1 with 4 nodes.
[2024-03-28 09:29:00,741][torch.distributed.distributed_c10d][INFO] - Rank 1: Completed store-based barrier for key:store_based_barrier_key:1 with 4 nodes.
[2024-03-28 09:29:00,743][torch.distributed.distributed_c10d][INFO] - Rank 2: Completed store-based barrier for key:store_based_barrier_key:1 with 4 nodes.
[2024-03-28 09:29:00,744][torch.distributed.distributed_c10d][INFO] - Rank 3: Completed store-based barrier for key:store_based_barrier_key:1 with 4 nodes.
[2024-03-28 09:29:00,864][numexpr.utils][INFO] - Note: NumExpr detected 64 cores but "NUMEXPR_MAX_THREADS" not set, so enforcing safe limit of 8.
[2024-03-28 09:29:00,864][numexpr.utils][INFO] - NumExpr defaulting to 8 threads.
[2024-03-28 09:29:00,870][numexpr.utils][INFO] - Note: NumExpr detected 64 cores but "NUMEXPR_MAX_THREADS" not set, so enforcing safe limit of 8.
[2024-03-28 09:29:00,870][numexpr.utils][INFO] - NumExpr defaulting to 8 threads.
[2024-03-28 09:29:00,879][numexpr.utils][INFO] - Note: NumExpr detected 64 cores but "NUMEXPR_MAX_THREADS" not set, so enforcing safe limit of 8.
[2024-03-28 09:29:00,879][numexpr.utils][INFO] - NumExpr defaulting to 8 threads.
[2024-03-28 09:29:00,880][numexpr.utils][INFO] - Note: NumExpr detected 64 cores but "NUMEXPR_MAX_THREADS" not set, so enforcing safe limit of 8.
[2024-03-28 09:29:00,880][numexpr.utils][INFO] - NumExpr defaulting to 8 threads.
[2024-03-28 09:29:01,233][training.dlwp.data.data_loading][INFO] - opening input datasets
[2024-03-28 09:29:01,274][numcodecs][DEBUG] - Registering codec 'zlib'
[2024-03-28 09:29:01,275][numcodecs][DEBUG] - Registering codec 'gzip'
[2024-03-28 09:29:01,275][numcodecs][DEBUG] - Registering codec 'bz2'
[2024-03-28 09:29:01,275][numcodecs][DEBUG] - Registering codec 'lzma'
[2024-03-28 09:29:01,277][numcodecs][DEBUG] - Registering codec 'blosc'
[2024-03-28 09:29:01,277][numcodecs][DEBUG] - Registering codec 'zstd'
[2024-03-28 09:29:01,278][numcodecs][DEBUG] - Registering codec 'lz4'
[2024-03-28 09:29:01,278][numcodecs][DEBUG] - Registering codec 'astype'
[2024-03-28 09:29:01,279][numcodecs][DEBUG] - Registering codec 'delta'
[2024-03-28 09:29:01,279][numcodecs][DEBUG] - Registering codec 'quantize'
[2024-03-28 09:29:01,279][numcodecs][DEBUG] - Registering codec 'fixedscaleoffset'
[2024-03-28 09:29:01,280][numcodecs][DEBUG] - Registering codec 'packbits'
[2024-03-28 09:29:01,280][numcodecs][DEBUG] - Registering codec 'categorize'
[2024-03-28 09:29:01,280][numcodecs][DEBUG] - Registering codec 'pickle'
[2024-03-28 09:29:01,281][numcodecs][DEBUG] - Registering codec 'base64'
[2024-03-28 09:29:01,281][numcodecs][DEBUG] - Registering codec 'shuffle'
[2024-03-28 09:29:01,282][numcodecs][DEBUG] - Registering codec 'bitround'
[2024-03-28 09:29:01,284][numcodecs][DEBUG] - Registering codec 'msgpack2'
[2024-03-28 09:29:01,285][numcodecs][DEBUG] - Registering codec 'crc32'
[2024-03-28 09:29:01,285][numcodecs][DEBUG] - Registering codec 'adler32'
[2024-03-28 09:29:01,285][numcodecs][DEBUG] - Registering codec 'json2'
[2024-03-28 09:29:01,285][numcodecs][DEBUG] - Registering codec 'vlen-utf8'
[2024-03-28 09:29:01,285][numcodecs][DEBUG] - Registering codec 'vlen-bytes'
[2024-03-28 09:29:01,285][numcodecs][DEBUG] - Registering codec 'vlen-array'
[2024-03-28 09:29:01,298][numcodecs][DEBUG] - Registering codec 'n5_wrapper'
[2024-03-28 09:29:02,687][numcodecs][DEBUG] - Registering codec 'zlib'
[2024-03-28 09:29:02,687][numcodecs][DEBUG] - Registering codec 'zlib'
[2024-03-28 09:29:02,687][numcodecs][DEBUG] - Registering codec 'gzip'
[2024-03-28 09:29:02,687][numcodecs][DEBUG] - Registering codec 'zlib'
[2024-03-28 09:29:02,688][numcodecs][DEBUG] - Registering codec 'gzip'
[2024-03-28 09:29:02,688][numcodecs][DEBUG] - Registering codec 'bz2'
[2024-03-28 09:29:02,688][numcodecs][DEBUG] - Registering codec 'gzip'
[2024-03-28 09:29:02,688][numcodecs][DEBUG] - Registering codec 'bz2'
[2024-03-28 09:29:02,688][numcodecs][DEBUG] - Registering codec 'lzma'
[2024-03-28 09:29:02,688][numcodecs][DEBUG] - Registering codec 'bz2'
[2024-03-28 09:29:02,688][numcodecs][DEBUG] - Registering codec 'lzma'
[2024-03-28 09:29:02,688][numcodecs][DEBUG] - Registering codec 'lzma'
[2024-03-28 09:29:02,689][numcodecs][DEBUG] - Registering codec 'blosc'
[2024-03-28 09:29:02,689][numcodecs][DEBUG] - Registering codec 'blosc'
[2024-03-28 09:29:02,689][numcodecs][DEBUG] - Registering codec 'blosc'
[2024-03-28 09:29:02,690][numcodecs][DEBUG] - Registering codec 'zstd'
[2024-03-28 09:29:02,690][numcodecs][DEBUG] - Registering codec 'zstd'
[2024-03-28 09:29:02,690][numcodecs][DEBUG] - Registering codec 'zstd'
[2024-03-28 09:29:02,690][numcodecs][DEBUG] - Registering codec 'lz4'
[2024-03-28 09:29:02,690][numcodecs][DEBUG] - Registering codec 'lz4'
[2024-03-28 09:29:02,690][numcodecs][DEBUG] - Registering codec 'lz4'
[2024-03-28 09:29:02,690][numcodecs][DEBUG] - Registering codec 'astype'
[2024-03-28 09:29:02,690][numcodecs][DEBUG] - Registering codec 'astype'
[2024-03-28 09:29:02,690][numcodecs][DEBUG] - Registering codec 'delta'
[2024-03-28 09:29:02,691][numcodecs][DEBUG] - Registering codec 'astype'
[2024-03-28 09:29:02,691][numcodecs][DEBUG] - Registering codec 'delta'
[2024-03-28 09:29:02,691][numcodecs][DEBUG] - Registering codec 'quantize'
[2024-03-28 09:29:02,691][numcodecs][DEBUG] - Registering codec 'delta'
[2024-03-28 09:29:02,691][numcodecs][DEBUG] - Registering codec 'quantize'
[2024-03-28 09:29:02,691][numcodecs][DEBUG] - Registering codec 'fixedscaleoffset'
[2024-03-28 09:29:02,691][numcodecs][DEBUG] - Registering codec 'quantize'
[2024-03-28 09:29:02,691][numcodecs][DEBUG] - Registering codec 'fixedscaleoffset'
[2024-03-28 09:29:02,691][numcodecs][DEBUG] - Registering codec 'packbits'
[2024-03-28 09:29:02,691][numcodecs][DEBUG] - Registering codec 'fixedscaleoffset'
[2024-03-28 09:29:02,691][numcodecs][DEBUG] - Registering codec 'packbits'
[2024-03-28 09:29:02,691][numcodecs][DEBUG] - Registering codec 'categorize'
[2024-03-28 09:29:02,691][numcodecs][DEBUG] - Registering codec 'packbits'
[2024-03-28 09:29:02,691][numcodecs][DEBUG] - Registering codec 'categorize'
[2024-03-28 09:29:02,691][numcodecs][DEBUG] - Registering codec 'pickle'
[2024-03-28 09:29:02,691][numcodecs][DEBUG] - Registering codec 'categorize'
[2024-03-28 09:29:02,691][numcodecs][DEBUG] - Registering codec 'pickle'
[2024-03-28 09:29:02,691][numcodecs][DEBUG] - Registering codec 'base64'
[2024-03-28 09:29:02,692][numcodecs][DEBUG] - Registering codec 'pickle'
[2024-03-28 09:29:02,692][numcodecs][DEBUG] - Registering codec 'base64'
[2024-03-28 09:29:02,692][numcodecs][DEBUG] - Registering codec 'base64'
[2024-03-28 09:29:02,692][numcodecs][DEBUG] - Registering codec 'shuffle'
[2024-03-28 09:29:02,692][numcodecs][DEBUG] - Registering codec 'shuffle'
[2024-03-28 09:29:02,692][numcodecs][DEBUG] - Registering codec 'bitround'
[2024-03-28 09:29:02,692][numcodecs][DEBUG] - Registering codec 'shuffle'
[2024-03-28 09:29:02,692][numcodecs][DEBUG] - Registering codec 'bitround'
[2024-03-28 09:29:02,692][numcodecs][DEBUG] - Registering codec 'bitround'
[2024-03-28 09:29:02,694][numcodecs][DEBUG] - Registering codec 'msgpack2'
[2024-03-28 09:29:02,694][numcodecs][DEBUG] - Registering codec 'msgpack2'
[2024-03-28 09:29:02,694][numcodecs][DEBUG] - Registering codec 'crc32'
[2024-03-28 09:29:02,694][numcodecs][DEBUG] - Registering codec 'adler32'
[2024-03-28 09:29:02,694][numcodecs][DEBUG] - Registering codec 'msgpack2'
[2024-03-28 09:29:02,694][numcodecs][DEBUG] - Registering codec 'crc32'
[2024-03-28 09:29:02,694][numcodecs][DEBUG] - Registering codec 'adler32'
[2024-03-28 09:29:02,694][numcodecs][DEBUG] - Registering codec 'json2'
[2024-03-28 09:29:02,694][numcodecs][DEBUG] - Registering codec 'crc32'
[2024-03-28 09:29:02,694][numcodecs][DEBUG] - Registering codec 'json2'
[2024-03-28 09:29:02,694][numcodecs][DEBUG] - Registering codec 'adler32'
[2024-03-28 09:29:02,694][numcodecs][DEBUG] - Registering codec 'json2'
[2024-03-28 09:29:02,694][numcodecs][DEBUG] - Registering codec 'vlen-utf8'
[2024-03-28 09:29:02,694][numcodecs][DEBUG] - Registering codec 'vlen-bytes'
[2024-03-28 09:29:02,694][numcodecs][DEBUG] - Registering codec 'vlen-array'
[2024-03-28 09:29:02,694][numcodecs][DEBUG] - Registering codec 'vlen-utf8'
[2024-03-28 09:29:02,695][numcodecs][DEBUG] - Registering codec 'vlen-bytes'
[2024-03-28 09:29:02,695][numcodecs][DEBUG] - Registering codec 'vlen-array'
[2024-03-28 09:29:02,695][numcodecs][DEBUG] - Registering codec 'vlen-utf8'
[2024-03-28 09:29:02,695][numcodecs][DEBUG] - Registering codec 'vlen-bytes'
[2024-03-28 09:29:02,695][numcodecs][DEBUG] - Registering codec 'vlen-array'
[2024-03-28 09:29:02,702][numcodecs][DEBUG] - Registering codec 'n5_wrapper'
[2024-03-28 09:29:02,703][numcodecs][DEBUG] - Registering codec 'n5_wrapper'
[2024-03-28 09:29:02,703][numcodecs][DEBUG] - Registering codec 'n5_wrapper'
[2024-03-28 09:29:19,465][torch.nn.parallel.distributed][INFO] - Reducer buckets have been rebuilt in this iteration.
[2024-03-28 09:29:19,465][torch.nn.parallel.distributed][INFO] - Reducer buckets have been rebuilt in this iteration.
[2024-03-28 09:29:19,465][torch.nn.parallel.distributed][INFO] - Reducer buckets have been rebuilt in this iteration.
[2024-03-28 09:29:19,465][torch.nn.parallel.distributed][INFO] - Reducer buckets have been rebuilt in this iteration.
