----------------------------------------------------------
Type of node                    
CPU cores per node              
CPU cores per standard node     
CPU cores per accelerator node  
CPU cores per big memory node   
Hostname                        
Maxumum memory per nodes        
Number of tasks allocated       
Number of nodes allocated       
Working directory               
----------------------------------------------------------
-------------------------------------------------------
Project ID                      
Job submission directory         /home/disk/quicksilver/nacc/dlesm/zephyr
Submit host                      mercury
Job name                         train_MatzeModel_batch.sh
Job identifier (SLURM_JOB_ID)    4045
Job identifier (SLURM_JOBID)     4045
Working directory               
Job partition                    Mercury
Job queue (QOS)                 
Job number of nodes              1
Job node list                    mercury
Number of nodes                  1
Number of tasks                  2
Node list                        mercury
-------------------------------------------------------

[2023-09-01 16:05:32,545][HYDRA] Hydra 1.2.0
[2023-09-01 16:05:32,545][HYDRA] ===========
[2023-09-01 16:05:32,545][HYDRA] Installed Hydra Plugins
[2023-09-01 16:05:32,545][HYDRA] ***********************
[2023-09-01 16:05:32,545][HYDRA] 	ConfigSource:
[2023-09-01 16:05:32,545][HYDRA] 	-------------
[2023-09-01 16:05:32,545][HYDRA] 		FileConfigSource
[2023-09-01 16:05:32,545][HYDRA] 		ImportlibResourcesConfigSource
[2023-09-01 16:05:32,545][HYDRA] 		StructuredConfigSource
[2023-09-01 16:05:32,545][HYDRA] 	CompletionPlugin:
[2023-09-01 16:05:32,545][HYDRA] 	-----------------
[2023-09-01 16:05:32,545][HYDRA] 		BashCompletion
[2023-09-01 16:05:32,545][HYDRA] 		FishCompletion
[2023-09-01 16:05:32,545][HYDRA] 		ZshCompletion
[2023-09-01 16:05:32,545][HYDRA] 	Launcher:
[2023-09-01 16:05:32,545][HYDRA] 	---------
[2023-09-01 16:05:32,545][HYDRA] 		BasicLauncher
[2023-09-01 16:05:32,545][HYDRA] 	Sweeper:
[2023-09-01 16:05:32,545][HYDRA] 	--------
[2023-09-01 16:05:32,545][HYDRA] 		BasicSweeper
[2023-09-01 16:05:32,545][HYDRA] 
[2023-09-01 16:05:32,545][HYDRA] Config search path
[2023-09-01 16:05:32,545][HYDRA] ******************
[2023-09-01 16:05:32,733][HYDRA] | Provider | Search path                                                      |
[2023-09-01 16:05:32,733][HYDRA] -------------------------------------------------------------------------------
[2023-09-01 16:05:32,733][HYDRA] | hydra    | pkg://hydra.conf                                                 |
[2023-09-01 16:05:32,734][HYDRA] | main     | file:///home/disk/quicksilver/nacc/dlesm/zephyr/training/configs |
[2023-09-01 16:05:32,734][HYDRA] | schema   | structured://                                                    |
[2023-09-01 16:05:32,734][HYDRA] -------------------------------------------------------------------------------
[2023-09-01 16:05:32,840][HYDRA] 
[2023-09-01 16:05:32,840][HYDRA] Defaults Tree
[2023-09-01 16:05:32,840][HYDRA] *************
[2023-09-01 16:05:32,840][HYDRA] <root>:
[2023-09-01 16:05:32,840][HYDRA]   hydra/config:
[2023-09-01 16:05:32,840][HYDRA]     hydra/output: default
[2023-09-01 16:05:32,840][HYDRA]     hydra/launcher: basic
[2023-09-01 16:05:32,841][HYDRA]     hydra/sweeper: basic
[2023-09-01 16:05:32,841][HYDRA]     hydra/help: default
[2023-09-01 16:05:32,841][HYDRA]     hydra/hydra_help: default
[2023-09-01 16:05:32,841][HYDRA]     hydra/hydra_logging: default
[2023-09-01 16:05:32,841][HYDRA]     hydra/job_logging: default
[2023-09-01 16:05:32,841][HYDRA]     hydra/callbacks: null
[2023-09-01 16:05:32,841][HYDRA]     hydra/env: default
[2023-09-01 16:05:32,841][HYDRA]     _self_
[2023-09-01 16:05:32,841][HYDRA]   config:
[2023-09-01 16:05:32,841][HYDRA]     _self_
[2023-09-01 16:05:32,841][HYDRA]     data: era5_hpx64_7var_6h_24h:
[2023-09-01 16:05:32,841][HYDRA]       data/module: time_series
[2023-09-01 16:05:32,841][HYDRA]       data/scaling: classic
[2023-09-01 16:05:32,841][HYDRA]       data/splits: default
[2023-09-01 16:05:32,841][HYDRA]       _self_
[2023-09-01 16:05:32,841][HYDRA]     model: hpx_rec_unet:
[2023-09-01 16:05:32,841][HYDRA]       model/modules/encoder@model.encoder: rec_unet_enc:
[2023-09-01 16:05:32,841][HYDRA]         model/modules/blocks@model.encoder.conv_block: conv_next_block:
[2023-09-01 16:05:32,841][HYDRA]           model/modules/activations@model.encoder.conv_block.activation: capped_gelu
[2023-09-01 16:05:32,841][HYDRA]           model/modules/encoder/_self_
[2023-09-01 16:05:32,841][HYDRA]         model/modules/blocks@model.encoder.down_sampling_block: avg_pool
[2023-09-01 16:05:32,841][HYDRA]         model/modules/blocks@model.encoder.recurrent_block: conv_gru_block
[2023-09-01 16:05:32,841][HYDRA]         model/_self_
[2023-09-01 16:05:32,841][HYDRA]       model/modules/decoder@model.decoder: rec_unet_dec:
[2023-09-01 16:05:32,841][HYDRA]         model/modules/blocks@model.decoder.conv_block: conv_next_block:
[2023-09-01 16:05:32,841][HYDRA]           model/modules/activations@model.decoder.conv_block.activation: capped_gelu
[2023-09-01 16:05:32,841][HYDRA]           model/modules/decoder/_self_
[2023-09-01 16:05:32,842][HYDRA]         model/modules/blocks@model.decoder.up_sampling_block: transposed_conv_upsample:
[2023-09-01 16:05:32,842][HYDRA]           model/modules/activations@model.decoder.up_sampling_block.activation: capped_gelu
[2023-09-01 16:05:32,842][HYDRA]           model/modules/decoder/_self_
[2023-09-01 16:05:32,842][HYDRA]         model/modules/blocks@model.decoder.recurrent_block: conv_gru_block
[2023-09-01 16:05:32,842][HYDRA]         model/modules/blocks@model.decoder.output_layer: output_layer:
[2023-09-01 16:05:32,842][HYDRA]           model/modules/blocks/activation@model.decoder.output_layer.activation: null
[2023-09-01 16:05:32,842][HYDRA]           model/modules/decoder/_self_
[2023-09-01 16:05:32,842][HYDRA]         model/_self_
[2023-09-01 16:05:32,842][HYDRA]       _self_
[2023-09-01 16:05:32,842][HYDRA]     trainer: default:
[2023-09-01 16:05:32,842][HYDRA]       trainer/criterion: mse
[2023-09-01 16:05:32,842][HYDRA]       trainer/optimizer: adam
[2023-09-01 16:05:32,842][HYDRA]       trainer/lr_scheduler: cosine
[2023-09-01 16:05:32,842][HYDRA]       _self_
[2023-09-01 16:05:32,949][HYDRA] 
[2023-09-01 16:05:32,949][HYDRA] Defaults List
[2023-09-01 16:05:32,949][HYDRA] *************
[2023-09-01 16:05:32,949][HYDRA] | Config path                                   | Package                                    | _self_ | Parent                                        | 
[2023-09-01 16:05:32,949][HYDRA] --------------------------------------------------------------------------------------------------------------------------------------------------------
[2023-09-01 16:05:32,949][HYDRA] | hydra/output/default                          | hydra                                      | False  | hydra/config                                  |
[2023-09-01 16:05:32,949][HYDRA] | hydra/launcher/basic                          | hydra.launcher                             | False  | hydra/config                                  |
[2023-09-01 16:05:32,949][HYDRA] | hydra/sweeper/basic                           | hydra.sweeper                              | False  | hydra/config                                  |
[2023-09-01 16:05:32,949][HYDRA] | hydra/help/default                            | hydra.help                                 | False  | hydra/config                                  |
[2023-09-01 16:05:32,949][HYDRA] | hydra/hydra_help/default                      | hydra.hydra_help                           | False  | hydra/config                                  |
[2023-09-01 16:05:32,949][HYDRA] | hydra/hydra_logging/default                   | hydra.hydra_logging                        | False  | hydra/config                                  |
[2023-09-01 16:05:32,949][HYDRA] | hydra/job_logging/default                     | hydra.job_logging                          | False  | hydra/config                                  |
[2023-09-01 16:05:32,949][HYDRA] | hydra/env/default                             | hydra.env                                  | False  | hydra/config                                  |
[2023-09-01 16:05:32,949][HYDRA] | hydra/config                                  | hydra                                      | True   | <root>                                        |
[2023-09-01 16:05:32,949][HYDRA] | config                                        |                                            | True   | <root>                                        |
[2023-09-01 16:05:32,949][HYDRA] | data/module/time_series                       | data.module                                | False  | data/era5_hpx64_7var_6h_24h                   |
[2023-09-01 16:05:32,949][HYDRA] | data/scaling/classic                          | data.scaling                               | False  | data/era5_hpx64_7var_6h_24h                   |
[2023-09-01 16:05:32,949][HYDRA] | data/splits/default                           | data.splits                                | False  | data/era5_hpx64_7var_6h_24h                   |
[2023-09-01 16:05:32,949][HYDRA] | data/era5_hpx64_7var_6h_24h                   | data                                       | True   | config                                        |
[2023-09-01 16:05:32,949][HYDRA] | model/modules/activations/capped_gelu         | model.encoder.conv_block.activation        | False  | model/modules/blocks/conv_next_block          |
[2023-09-01 16:05:32,949][HYDRA] | model/modules/blocks/conv_next_block          | model.encoder.conv_block                   | True   | model/modules/encoder/rec_unet_enc            |
[2023-09-01 16:05:32,949][HYDRA] | model/modules/blocks/avg_pool                 | model.encoder.down_sampling_block          | False  | model/modules/encoder/rec_unet_enc            |
[2023-09-01 16:05:32,949][HYDRA] | model/modules/blocks/conv_gru_block           | model.encoder.recurrent_block              | False  | model/modules/encoder/rec_unet_enc            |
[2023-09-01 16:05:32,949][HYDRA] | model/modules/encoder/rec_unet_enc            | model.encoder                              | True   | model/hpx_rec_unet                            |
[2023-09-01 16:05:32,950][HYDRA] | model/modules/activations/capped_gelu         | model.decoder.conv_block.activation        | False  | model/modules/blocks/conv_next_block          |
[2023-09-01 16:05:32,950][HYDRA] | model/modules/blocks/conv_next_block          | model.decoder.conv_block                   | True   | model/modules/decoder/rec_unet_dec            |
[2023-09-01 16:05:32,950][HYDRA] | model/modules/activations/capped_gelu         | model.decoder.up_sampling_block.activation | False  | model/modules/blocks/transposed_conv_upsample |
[2023-09-01 16:05:32,950][HYDRA] | model/modules/blocks/transposed_conv_upsample | model.decoder.up_sampling_block            | True   | model/modules/decoder/rec_unet_dec            |
[2023-09-01 16:05:32,950][HYDRA] | model/modules/blocks/conv_gru_block           | model.decoder.recurrent_block              | False  | model/modules/decoder/rec_unet_dec            |
[2023-09-01 16:05:32,950][HYDRA] | model/modules/blocks/output_layer             | model.decoder.output_layer                 | True   | model/modules/decoder/rec_unet_dec            |
[2023-09-01 16:05:32,950][HYDRA] | model/modules/decoder/rec_unet_dec            | model.decoder                              | True   | model/hpx_rec_unet                            |
[2023-09-01 16:05:32,950][HYDRA] | model/hpx_rec_unet                            | model                                      | True   | config                                        |
[2023-09-01 16:05:32,950][HYDRA] | trainer/criterion/mse                         | trainer.criterion                          | False  | trainer/default                               |
[2023-09-01 16:05:32,950][HYDRA] | trainer/optimizer/adam                        | trainer.optimizer                          | False  | trainer/default                               |
[2023-09-01 16:05:32,950][HYDRA] | trainer/lr_scheduler/cosine                   | trainer.lr_scheduler                       | False  | trainer/default                               |
[2023-09-01 16:05:32,950][HYDRA] | trainer/default                               | trainer                                    | True   | config                                        |
[2023-09-01 16:05:32,950][HYDRA] --------------------------------------------------------------------------------------------------------------------------------------------------------
[2023-09-01 16:05:33,119][HYDRA] Config
[2023-09-01 16:05:33,119][HYDRA] ******
[2023-09-01 16:05:33,130][HYDRA] experiment_name: hpx64_unet_136-68-34_cnxt_skip_dil_gru_6h_300
output_dir: outputs/${experiment_name}
checkpoint_name: null
load_weights_only: false
seed: 0
batch_size: 8
learning_rate: 0.0002
num_workers: 8
port: 29450
master_address: localhost
data:
  module:
    _target_: training.dlwp.data.modules.TimeSeriesDataModule
    src_directory: ${data.src_directory}
    dst_directory: ${data.dst_directory}
    dataset_name: ${data.dataset_name}
    prefix: ${data.prefix}
    suffix: ${data.suffix}
    data_format: ${data.data_format}
    batch_size: ${batch_size}
    drop_last: true
    input_variables: ${data.input_variables}
    output_variables: ${data.output_variables}
    constants: ${data.constants}
    scaling: ${data.scaling}
    splits: ${data.splits}
    presteps: ${model.presteps}
    input_time_dim: ${data.input_time_dim}
    output_time_dim: ${data.output_time_dim}
    data_time_step: ${data.data_time_step}
    time_step: ${data.time_step}
    gap: ${data.gap}
    shuffle: true
    add_insolation: ${data.add_insolation}
    cube_dim: ${data.cube_dim}
    num_workers: ${num_workers}
    pin_memory: true
    prebuilt_dataset: ${data.prebuilt_dataset}
  scaling:
    t2m0:
      mean: 287.8665771484375
      std: 14.86227798461914
    t850:
      mean: 281.2710266113281
      std: 12.04991626739502
    tau300-700:
      mean: 61902.72265625
      std: 2559.8408203125
    tcwv0:
      mean: 24.034976959228516
      std: 16.411935806274414
    z1000:
      mean: 952.1435546875
      std: 895.7516479492188
    z250:
      mean: 101186.28125
      std: 5551.77978515625
    z500:
      mean: 55625.9609375
      std: 2681.712890625
    tp6:
      mean: 0.0
      std: 1.0
      log_epsilon: 1.0e-06
  splits:
    train_date_start: '1979-01-01'
    train_date_end: 2012-12-31T18:00
    val_date_start: '2013-01-01'
    val_date_end: 2016-12-31T18:00
    test_date_start: '2017-01-01'
    test_date_end: 2018-12-31T18:00
  src_directory: /p/work1/nacc/data
  dst_directory: /p/work1/nacc/data
  dataset_name: era5_hpx64_7var_6h_24h
  prefix: era5_0.25deg_3h_HPX64_1979-2021_
  suffix: ''
  data_format: classic
  input_variables:
  - z500
  - tau300-700
  - z1000
  - t2m0
  - tcwv0
  - t850
  - z250
  output_variables: null
  constants:
    land_sea_mask: lsm
    topography: z
  input_time_dim: 2
  output_time_dim: 4
  data_time_step: 3H
  time_step: 6H
  gap: 6H
  add_insolation: true
  nside: 64
  cube_dim: ${data.nside}
  prebuilt_dataset: true
model:
  encoder:
    conv_block:
      activation:
        _target_: training.dlwp.model.modules.activations.CappedGELU
        cap_value: 10
      _target_: training.dlwp.model.modules.blocks.ConvNeXtBlock
      _recursive_: true
      in_channels: 3
      out_channels: 1
      kernel_size: 3
      dilation: 1
      upscale_factor: 4
    down_sampling_block:
      _target_: training.dlwp.model.modules.blocks.AvgPool
      pooling: 2
    recurrent_block:
      _target_: training.dlwp.model.modules.blocks.ConvGRUBlock
      _recursive_: false
      in_channels: 3
      kernel_size: 1
      downscale_factor: 4
    _target_: training.dlwp.model.modules.encoder.UNetEncoder
    _recursive_: false
    n_channels:
    - 136
    - 68
    - 34
    dilations:
    - 1
    - 2
    - 4
  decoder:
    conv_block:
      activation:
        _target_: training.dlwp.model.modules.activations.CappedGELU
        cap_value: 10
      _target_: training.dlwp.model.modules.blocks.ConvNeXtBlock
      _recursive_: true
      in_channels: 3
      out_channels: 1
      kernel_size: 3
      dilation: 1
      upscale_factor: 4
    up_sampling_block:
      activation:
        _target_: training.dlwp.model.modules.activations.CappedGELU
        cap_value: 10
      _target_: training.dlwp.model.modules.blocks.TransposedConvUpsample
      in_channels: 3
      out_channels: 1
      upsampling: 2
    recurrent_block:
      _target_: training.dlwp.model.modules.blocks.ConvGRUBlock
      _recursive_: false
      in_channels: 3
      kernel_size: 1
      downscale_factor: 4
    output_layer:
      _target_: training.dlwp.model.modules.blocks.BasicConvBlock
      in_channels: 3
      out_channels: 2
      kernel_size: 1
      dilation: 1
      n_layers: 1
    _target_: training.dlwp.model.modules.decoder.UNetDecoder
    _recursive_: false
    n_channels:
    - 34
    - 68
    - 136
    dilations:
    - 4
    - 2
    - 1
  _target_: training.dlwp.model.models.unet.HEALPixRecUNet
  _recursive_: false
  presteps: 1
  input_time_dim: ${data.input_time_dim}
  output_time_dim: ${data.output_time_dim}
  delta_time: ${data.time_step}
  input_channels: 7
  output_channels: 7
  n_constants: 2
  decoder_input_channels: 1
  enable_nhwc: false
  enable_healpixpad: true
trainer:
  criterion:
    _target_: training.dlwp.trainer.criterion.BaseMSE
  optimizer:
    _target_: torch.optim.Adam
    lr: ${learning_rate}
  lr_scheduler:
    _target_: torch.optim.lr_scheduler.CosineAnnealingLR
    optimizer: ${model.optimizer}
    T_max: ${trainer.max_epochs}
    eta_min: 0
    last_epoch: -1
    verbose: false
  _target_: training.dlwp.trainer.trainer.Trainer
  _recursive_: true
  max_epochs: 2
  min_epochs: 1
  early_stopping_patience: null
  amp_mode: fp16
  graph_mode: train_eval
  output_dir: ${output_dir}

[2023-09-01 16:05:33,225][__main__][INFO] - experiment working directory: /home/disk/quicksilver/nacc/dlesm/zephyr
World size: 2
World rank: 0
port: 29450
master_address: localhost
initializing process group
init method: tcp://localhost:29450
world rank: 0
world size: 2
slurmstepd-mercury: error: *** JOB 4045 ON mercury CANCELLED AT 2023-09-01T16:07:14 ***
